2025-07-17 01:03:51,733 - Robot MOVE_FORWARD - Position: (5, 6), Direction: NORTH
2025-07-17 01:03:52,055 - 2 is prime: robot moved forward.
2025-07-17 01:03:52,055 - Robot MOVE_FORWARD - Position: (5, 7), Direction: NORTH
2025-07-17 01:03:52,312 - 3 is prime: robot moved forward.
2025-07-17 01:03:52,313 - Robot MOVE_FORWARD - Position: (5, 8), Direction: NORTH
2025-07-17 01:03:52,569 - 5 is prime: robot moved forward.
2025-07-17 01:11:21,620 - Robot MOVE_FORWARD - Position: (5, 6), Direction: NORTH
2025-07-17 01:11:21,977 - 2 is prime: robot moved forward.
2025-07-17 01:11:21,978 - Robot MOVE_FORWARD - Position: (5, 7), Direction: NORTH
2025-07-17 01:11:22,231 - 3 is prime: robot moved forward.
2025-07-17 01:11:22,238 - Robot MOVE_FORWARD - Position: (5, 8), Direction: NORTH
2025-07-17 01:11:22,493 - 5 is prime: robot moved forward.
2025-07-17 01:11:22,493 - Robot MOVE_FORWARD - Position: (5, 9), Direction: NORTH
2025-07-17 01:11:22,747 - 7 is prime: robot moved forward.
2025-07-17 01:12:38,401 - Robot MOVE_FORWARD - Position: (5, 6), Direction: NORTH
2025-07-17 01:12:38,741 - 2 is prime: robot moved forward.
2025-07-17 01:12:38,741 - Robot MOVE_FORWARD - Position: (5, 7), Direction: NORTH
2025-07-17 01:12:38,996 - 3 is prime: robot moved forward.
2025-07-17 01:12:38,997 - 6 is not prime: robot did not move.
2025-07-17 01:12:38,998 - 9 is not prime: robot did not move.
2025-07-17 01:25:14,887 - Robot MOVE_FORWARD - Position: (5, 6), Direction: NORTH
2025-07-17 01:25:16,201 - Robot TURN_RIGHT - Position: (5, 6), Direction: EAST
2025-07-17 01:25:16,813 - Robot MOVE_FORWARD - Position: (6, 6), Direction: EAST
2025-07-17 01:25:18,067 - Robot TURN_RIGHT - Position: (6, 6), Direction: SOUTH
2025-07-17 01:25:18,673 - Robot MOVE_FORWARD - Position: (6, 5), Direction: SOUTH
2025-07-17 01:25:19,925 - Robot TURN_RIGHT - Position: (6, 5), Direction: WEST
2025-07-17 01:25:20,527 - Robot MOVE_FORWARD - Position: (5, 5), Direction: WEST
2025-07-17 01:25:21,782 - Robot TURN_RIGHT - Position: (5, 5), Direction: NORTH
2025-07-17 01:25:23,188 - Robot TURN_RIGHT - Position: (5, 5), Direction: EAST
2025-07-17 01:25:24,594 - Robot TURN_RIGHT - Position: (5, 5), Direction: SOUTH
2025-07-17 01:25:25,997 - Robot TURN_RIGHT - Position: (5, 5), Direction: WEST
2025-07-17 01:30:48,854 - Robot MOVE_FORWARD - Position: (5, 6), Direction: NORTH
2025-07-17 01:30:48,856 - 2 is prime: robot moved forward.
2025-07-17 01:30:48,856 - Robot MOVE_FORWARD - Position: (5, 7), Direction: NORTH
2025-07-17 01:30:48,857 - 3 is prime: robot moved forward.
2025-07-17 01:30:48,858 - Robot MOVE_FORWARD - Position: (5, 8), Direction: NORTH
2025-07-17 01:30:48,860 - 5 is prime: robot moved forward.
2025-07-17 01:33:53,790 - Robot MOVE_FORWARD - Position: (5, 6), Direction: NORTH
2025-07-17 01:33:54,592 - Robot MOVE_FORWARD - Position: (5, 7), Direction: NORTH
2025-07-17 01:33:55,393 - Robot TURN_RIGHT - Position: (5, 7), Direction: EAST
2025-07-17 01:33:56,300 - Robot MOVE_FORWARD - Position: (6, 7), Direction: EAST
2025-07-17 01:33:57,101 - Robot MOVE_FORWARD - Position: (7, 7), Direction: EAST
2025-07-17 01:33:57,903 - Robot TURN_LEFT - Position: (7, 7), Direction: NORTH
2025-07-17 01:33:58,808 - Robot MOVE_FORWARD - Position: (7, 8), Direction: NORTH
2025-07-17 01:33:59,610 - Robot TURN_LEFT - Position: (7, 8), Direction: WEST
2025-07-17 01:34:00,516 - Robot MOVE_FORWARD - Position: (6, 8), Direction: WEST
2025-07-17 01:34:01,318 - Robot MOVE_FORWARD - Position: (5, 8), Direction: WEST
2025-07-17 01:34:02,119 - Robot TURN_RIGHT - Position: (5, 8), Direction: NORTH
2025-07-17 01:34:03,026 - Robot MOVE_FORWARD - Position: (5, 9), Direction: NORTH
2025-07-17 01:34:11,558 - Robot MOVE_FORWARD - Position: (5, 6), Direction: NORTH
2025-07-17 01:34:11,559 - 2 is prime: robot moved forward.
2025-07-17 01:34:11,560 - Robot MOVE_FORWARD - Position: (5, 7), Direction: NORTH
2025-07-17 01:34:11,560 - 3 is prime: robot moved forward.
2025-07-17 01:34:11,560 - Robot MOVE_FORWARD - Position: (5, 8), Direction: NORTH
2025-07-17 01:34:11,560 - 5 is prime: robot moved forward.
2025-07-17 01:34:11,560 - Robot MOVE_FORWARD - Position: (5, 9), Direction: NORTH
2025-07-17 01:34:11,561 - 7 is prime: robot moved forward.
2025-07-17 01:35:04,861 - Robot MOVE_FORWARD - Position: (5, 6), Direction: NORTH
2025-07-17 01:35:05,663 - Robot MOVE_FORWARD - Position: (5, 7), Direction: NORTH
2025-07-17 01:35:06,464 - Robot TURN_RIGHT - Position: (5, 7), Direction: EAST
2025-07-17 01:35:07,369 - Robot MOVE_FORWARD - Position: (6, 7), Direction: EAST
2025-07-17 01:35:08,170 - Robot MOVE_FORWARD - Position: (7, 7), Direction: EAST
2025-07-17 01:35:08,972 - Robot TURN_LEFT - Position: (7, 7), Direction: NORTH
2025-07-17 01:35:09,877 - Robot MOVE_FORWARD - Position: (7, 8), Direction: NORTH
2025-07-17 01:35:10,679 - Robot TURN_LEFT - Position: (7, 8), Direction: WEST
2025-07-17 01:35:11,584 - Robot MOVE_FORWARD - Position: (6, 8), Direction: WEST
2025-07-17 01:35:12,385 - Robot MOVE_FORWARD - Position: (5, 8), Direction: WEST
2025-07-17 01:35:13,187 - Robot TURN_RIGHT - Position: (5, 8), Direction: NORTH
2025-07-17 01:35:14,103 - Robot MOVE_FORWARD - Position: (5, 9), Direction: NORTH
2025-07-17 01:36:48,819 - Robot MOVE_FORWARD - Position: (5, 6), Direction: NORTH
2025-07-17 01:36:51,822 - Robot MOVE_FORWARD - Position: (5, 7), Direction: NORTH
2025-07-17 01:43:27,707 - Robot MOVE_FORWARD - Position: (5, 6), Direction: NORTH
2025-07-17 01:43:30,711 - Robot MOVE_FORWARD - Position: (5, 7), Direction: NORTH
2025-07-17 01:44:03,436 - Robot MOVE_FORWARD - Position: (5, 6), Direction: NORTH
2025-07-17 01:44:04,437 - Robot MOVE_FORWARD - Position: (5, 7), Direction: NORTH
2025-07-17 01:44:05,438 - Robot TURN_RIGHT - Position: (5, 7), Direction: EAST
2025-07-17 01:44:06,845 - Robot MOVE_FORWARD - Position: (6, 7), Direction: EAST
2025-07-17 01:44:07,848 - Robot MOVE_FORWARD - Position: (7, 7), Direction: EAST
2025-07-17 01:44:08,849 - Robot TURN_RIGHT - Position: (7, 7), Direction: SOUTH
2025-07-17 01:44:10,255 - Robot MOVE_FORWARD - Position: (7, 6), Direction: SOUTH
2025-07-17 01:44:11,256 - Robot TURN_LEFT - Position: (7, 6), Direction: EAST
2025-07-17 01:44:12,661 - Robot MOVE_FORWARD - Position: (8, 6), Direction: EAST
2025-07-17 01:44:53,538 - Robot MOVE_FORWARD - Position: (5, 6), Direction: NORTH
2025-07-17 01:48:17,547 - Robot MOVE_FORWARD - Position: (5, 6), Direction: NORTH
2025-07-17 01:48:19,189 - Robot MOVE_FORWARD - Position: (5, 7), Direction: NORTH
2025-07-17 01:59:56,423 - Robot MOVE_FORWARD - Position: (5, 6), Direction: NORTH
2025-07-17 01:59:57,685 - Robot MOVE_FORWARD - Position: (5, 7), Direction: NORTH
2025-07-17 01:59:58,943 - Robot MOVE_FORWARD - Position: (5, 8), Direction: NORTH
2025-07-17 01:59:59,946 - Robot TURN_RIGHT - Position: (5, 8), Direction: EAST
2025-07-17 02:00:01,457 - Robot MOVE_FORWARD - Position: (6, 8), Direction: EAST
2025-07-17 02:00:18,132 - Robot MOVE_FORWARD - Position: (5, 6), Direction: NORTH
2025-07-17 02:00:18,634 - 2 is prime: robot moved forward.
2025-07-17 02:00:18,892 - Robot MOVE_FORWARD - Position: (5, 7), Direction: NORTH
2025-07-17 02:00:19,395 - 3 is prime: robot moved forward.
2025-07-17 02:00:19,396 - 4 is not prime: robot did not move.
2025-07-17 02:00:19,653 - Robot MOVE_FORWARD - Position: (5, 8), Direction: NORTH
2025-07-17 02:00:20,155 - 5 is prime: robot moved forward.
2025-07-17 02:20:41,075 - Robot MOVE_FORWARD - Position: (9, 4), Direction: EAST
2025-07-17 02:20:41,576 - 2 is prime: robot moved forward.
2025-07-17 02:20:41,576 - Hit wall at (10, 4) \u2192 Took diversion
2025-07-17 02:20:41,579 - Robot TURN_RIGHT - Position: (9, 4), Direction: SOUTH
2025-07-17 02:20:42,332 - 3 is prime: robot moved forward.
2025-07-17 02:20:42,334 - 4 is not prime: robot did not move.
2025-07-17 02:20:42,588 - Robot MOVE_FORWARD - Position: (9, 3), Direction: SOUTH
2025-07-17 02:20:43,090 - 5 is prime: robot moved forward.
2025-07-17 02:21:03,702 - Robot MOVE_FORWARD - Position: (7, 4), Direction: WEST
2025-07-17 02:21:04,003 - Robot TURN_LEFT - Position: (7, 4), Direction: SOUTH
2025-07-17 02:21:04,811 - Robot MOVE_FORWARD - Position: (7, 3), Direction: SOUTH
2025-07-17 02:21:05,366 - Robot MOVE_FORWARD - Position: (7, 2), Direction: SOUTH
2025-07-17 02:21:05,667 - Hit wall at (7, 1) \u2192 Took diversion
2025-07-17 02:21:05,669 - Robot TURN_RIGHT - Position: (7, 2), Direction: WEST
2025-07-17 02:21:05,925 - Robot TURN_LEFT - Position: (7, 2), Direction: SOUTH
2025-07-17 02:21:06,480 - Hit wall at (7, 1) \u2192 Took diversion
2025-07-17 02:21:06,480 - Robot TURN_RIGHT - Position: (7, 2), Direction: WEST
2025-07-17 02:21:06,732 - Robot TURN_LEFT - Position: (7, 2), Direction: SOUTH
2025-07-17 02:21:07,284 - Robot TURN_LEFT - Position: (7, 2), Direction: EAST
2025-07-17 02:21:08,090 - Robot MOVE_FORWARD - Position: (8, 2), Direction: EAST
2025-07-17 02:21:08,392 - Robot TURN_LEFT - Position: (8, 2), Direction: NORTH
2025-07-17 02:21:09,201 - Robot MOVE_FORWARD - Position: (8, 3), Direction: NORTH
2025-07-17 02:21:21,868 - Robot MOVE_FORWARD - Position: (6, 8), Direction: WEST
2025-07-17 02:21:22,369 - 2 is prime: robot moved forward.
2025-07-17 02:21:22,621 - Robot MOVE_FORWARD - Position: (5, 8), Direction: WEST
2025-07-17 02:21:23,122 - 3 is prime: robot moved forward.
2025-07-17 02:21:23,374 - Robot MOVE_FORWARD - Position: (4, 8), Direction: WEST
2025-07-17 02:21:23,875 - 5 is prime: robot moved forward.
2025-07-17 02:21:24,126 - Robot MOVE_FORWARD - Position: (3, 8), Direction: WEST
2025-07-17 02:21:24,627 - 7 is prime: robot moved forward.
2025-07-17 02:21:24,880 - Robot MOVE_FORWARD - Position: (2, 8), Direction: WEST
2025-07-17 02:21:25,380 - 11 is prime: robot moved forward.
2025-07-17 02:26:40,377 - Robot MOVE_FORWARD - Position: (6, 5), Direction: SOUTH
2025-07-17 02:26:40,879 - 2 is prime: robot moved forward.
2025-07-17 02:26:41,130 - Robot MOVE_FORWARD - Position: (6, 4), Direction: SOUTH
2025-07-17 02:26:41,631 - 3 is prime: robot moved forward.
2025-07-17 02:26:41,631 - 4 is not prime: robot did not move.
2025-07-17 02:26:41,883 - Robot MOVE_FORWARD - Position: (6, 3), Direction: SOUTH
2025-07-17 02:26:42,384 - 5 is prime: robot moved forward.
2025-07-17 02:35:06,346 - Robot MOVE_FORWARD - Position: (5, 6), Direction: NORTH
2025-07-17 02:35:06,848 - 2 is prime: robot moved forward.
2025-07-17 02:35:07,100 - Robot MOVE_FORWARD - Position: (5, 7), Direction: NORTH
2025-07-17 02:35:07,602 - 3 is prime: robot moved forward.
2025-07-17 02:35:07,602 - 4 is not prime: robot did not move.
2025-07-17 02:35:07,853 - Robot MOVE_FORWARD - Position: (5, 8), Direction: NORTH
2025-07-17 02:35:08,355 - 5 is prime: robot moved forward.
2025-07-17 02:41:23,244 - Robot MOVE_FORWARD - Position: (6, 4), Direction: SOUTH
2025-07-17 02:41:23,745 - 2 is prime: robot moved forward.
2025-07-17 02:41:23,997 - Robot MOVE_FORWARD - Position: (6, 3), Direction: SOUTH
2025-07-17 02:41:24,498 - 3 is prime: robot moved forward.
2025-07-17 02:41:24,499 - 4 is not prime: robot did not move.
2025-07-17 02:41:24,750 - Robot MOVE_FORWARD - Position: (6, 2), Direction: SOUTH
2025-07-17 02:41:25,251 - 5 is prime: robot moved forward.
2025-07-17 02:41:25,251 - 6 is not prime: robot did not move.
2025-07-17 02:41:25,503 - Robot MOVE_FORWARD - Position: (6, 1), Direction: SOUTH
2025-07-17 02:41:26,007 - 7 is prime: robot moved forward.
2025-07-17 02:41:31,475 - Robot MOVE_FORWARD - Position: (5, 6), Direction: NORTH
2025-07-17 02:41:31,976 - 2 is prime: robot moved forward.
2025-07-17 02:41:32,229 - Robot MOVE_FORWARD - Position: (5, 7), Direction: NORTH
2025-07-17 02:41:32,730 - 3 is prime: robot moved forward.
2025-07-17 02:41:32,730 - 4 is not prime: robot did not move.
2025-07-17 02:41:32,982 - Robot MOVE_FORWARD - Position: (5, 8), Direction: NORTH
2025-07-17 02:41:33,483 - 5 is prime: robot moved forward.
2025-07-17 02:41:33,483 - 6 is not prime: robot did not move.
2025-07-17 02:41:33,734 - Robot MOVE_FORWARD - Position: (5, 9), Direction: NORTH
2025-07-17 02:41:34,235 - 7 is prime: robot moved forward.
2025-07-17 02:41:39,408 - Robot TURN_LEFT - Position: (4, 3), Direction: NORTH
2025-07-17 02:41:39,930 - Robot MOVE_FORWARD - Position: (4, 4), Direction: NORTH
2025-07-17 02:41:39,930 - Robot TURN_RIGHT - Position: (4, 4), Direction: EAST
2025-07-17 02:41:40,435 - Robot MOVE_FORWARD - Position: (5, 4), Direction: EAST
2025-07-17 02:41:40,436 - Robot TURN_LEFT - Position: (5, 4), Direction: NORTH
2025-07-17 02:41:40,944 - Robot MOVE_FORWARD - Position: (5, 5), Direction: NORTH
2025-07-17 02:41:40,945 - Robot TURN_RIGHT - Position: (5, 5), Direction: EAST
2025-07-17 02:41:41,450 - Robot MOVE_FORWARD - Position: (6, 5), Direction: EAST
2025-07-17 02:41:41,451 - Robot TURN_LEFT - Position: (6, 5), Direction: NORTH
2025-07-17 02:41:41,706 - Hit wall at (6, 6) \u2192 Took diversion
2025-07-17 02:41:41,711 - Robot TURN_RIGHT - Position: (6, 5), Direction: EAST
2025-07-17 02:41:41,966 - Robot TURN_RIGHT - Position: (6, 5), Direction: SOUTH
2025-07-17 02:41:42,477 - Robot MOVE_FORWARD - Position: (6, 4), Direction: SOUTH
2025-07-17 02:41:47,919 - Robot MOVE_FORWARD - Position: (8, 5), Direction: WEST
2025-07-17 02:41:48,221 - Robot TURN_RIGHT - Position: (8, 5), Direction: NORTH
2025-07-17 02:41:48,773 - Robot TURN_RIGHT - Position: (8, 5), Direction: EAST
2025-07-17 02:41:49,582 - Robot MOVE_FORWARD - Position: (9, 5), Direction: EAST
2025-07-17 02:41:50,137 - Robot MOVE_FORWARD - Position: (10, 5), Direction: EAST
2025-07-17 02:41:50,438 - Robot TURN_LEFT - Position: (10, 5), Direction: NORTH
2025-07-17 02:41:50,995 - Robot TURN_RIGHT - Position: (10, 5), Direction: EAST
2025-07-17 02:41:51,805 - Robot MOVE_FORWARD - Position: (11, 5), Direction: EAST
2025-07-17 02:41:52,106 - Hit wall at (12, 5) \u2192 Took diversion
2025-07-17 02:41:52,108 - Robot TURN_RIGHT - Position: (11, 5), Direction: SOUTH
2025-07-17 02:41:52,363 - Robot TURN_LEFT - Position: (11, 5), Direction: EAST
2025-07-17 02:41:52,919 - Hit wall at (12, 5) \u2192 Took diversion
2025-07-17 02:41:52,920 - Robot TURN_RIGHT - Position: (11, 5), Direction: SOUTH
2025-07-17 02:41:53,174 - Robot TURN_RIGHT - Position: (11, 5), Direction: WEST
2025-07-17 02:41:53,985 - Robot MOVE_FORWARD - Position: (10, 5), Direction: WEST
2025-07-17 02:41:54,286 - Robot TURN_RIGHT - Position: (10, 5), Direction: NORTH
2025-07-17 02:41:59,250 - Robot MOVE_FORWARD - Position: (8, 4), Direction: NORTH
2025-07-17 02:41:59,503 - Robot MOVE_FORWARD - Position: (8, 5), Direction: NORTH
2025-07-17 02:41:59,504 - Robot TURN_RIGHT - Position: (8, 5), Direction: EAST
2025-07-17 02:42:00,013 - Robot MOVE_FORWARD - Position: (9, 5), Direction: EAST
2025-07-17 02:42:00,268 - Robot MOVE_FORWARD - Position: (10, 5), Direction: EAST
2025-07-17 02:42:00,269 - Robot TURN_RIGHT - Position: (10, 5), Direction: SOUTH
2025-07-17 02:42:04,912 - Robot MOVE_FORWARD - Position: (2, 3), Direction: SOUTH
2025-07-17 02:42:05,013 - Robot TURN_RIGHT - Position: (2, 3), Direction: WEST
2025-07-17 02:42:05,518 - Robot MOVE_FORWARD - Position: (1, 3), Direction: WEST
2025-07-17 02:42:05,871 - Robot MOVE_FORWARD - Position: (0, 3), Direction: WEST
2025-07-17 02:42:05,972 - Robot TURN_RIGHT - Position: (0, 3), Direction: NORTH
2025-07-17 02:42:06,481 - Robot MOVE_FORWARD - Position: (0, 4), Direction: NORTH
2025-07-17 02:42:06,836 - Robot MOVE_FORWARD - Position: (0, 5), Direction: NORTH
2025-07-17 02:42:07,189 - Robot MOVE_FORWARD - Position: (0, 6), Direction: NORTH
2025-07-17 02:42:07,289 - Robot TURN_RIGHT - Position: (0, 6), Direction: EAST
2025-07-17 02:42:07,800 - Robot MOVE_FORWARD - Position: (1, 6), Direction: EAST
2025-07-17 02:42:08,157 - Robot MOVE_FORWARD - Position: (2, 6), Direction: EAST
2025-07-17 02:42:08,515 - Robot MOVE_FORWARD - Position: (3, 6), Direction: EAST
2025-07-17 02:42:08,876 - Robot MOVE_FORWARD - Position: (4, 6), Direction: EAST
2025-07-17 02:42:08,978 - Robot TURN_RIGHT - Position: (4, 6), Direction: SOUTH
2025-07-17 02:42:15,654 - Robot MOVE_FORWARD - Position: (5, 6), Direction: NORTH
2025-07-17 02:42:16,007 - Robot MOVE_FORWARD - Position: (5, 7), Direction: NORTH
2025-07-17 02:42:16,360 - Robot MOVE_FORWARD - Position: (5, 8), Direction: NORTH
2025-07-17 02:42:16,462 - Robot TURN_RIGHT - Position: (5, 8), Direction: EAST
2025-07-17 02:42:16,969 - Robot MOVE_FORWARD - Position: (6, 8), Direction: EAST
2025-07-17 02:42:17,325 - Robot MOVE_FORWARD - Position: (7, 8), Direction: EAST
2025-07-17 02:42:17,682 - Robot MOVE_FORWARD - Position: (8, 8), Direction: EAST
2025-07-17 02:42:17,783 - Robot TURN_RIGHT - Position: (8, 8), Direction: SOUTH
2025-07-17 02:42:18,296 - Robot MOVE_FORWARD - Position: (8, 7), Direction: SOUTH
2025-07-17 02:42:18,651 - Robot MOVE_FORWARD - Position: (8, 6), Direction: SOUTH
2025-07-17 02:42:19,012 - Robot MOVE_FORWARD - Position: (8, 5), Direction: SOUTH
2025-07-17 02:42:19,113 - Robot TURN_RIGHT - Position: (8, 5), Direction: WEST
2025-07-17 02:42:19,624 - Robot MOVE_FORWARD - Position: (7, 5), Direction: WEST
2025-07-17 02:42:19,982 - Robot MOVE_FORWARD - Position: (6, 5), Direction: WEST
2025-07-17 02:42:20,339 - Robot MOVE_FORWARD - Position: (5, 5), Direction: WEST
2025-07-17 02:42:20,440 - Robot TURN_RIGHT - Position: (5, 5), Direction: NORTH
2025-07-17 02:42:27,124 - Robot MOVE_FORWARD - Position: (5, 6), Direction: NORTH
2025-07-17 02:42:27,124 - Robot TURN_RIGHT - Position: (5, 6), Direction: EAST
2025-07-17 02:42:27,378 - Hit wall at (6, 6) \u2192 Took diversion
2025-07-17 02:42:27,379 - Robot TURN_RIGHT - Position: (5, 6), Direction: SOUTH
2025-07-17 02:42:27,634 - Robot TURN_LEFT - Position: (5, 6), Direction: EAST
2025-07-17 02:42:27,887 - Hit wall at (6, 6) \u2192 Took diversion
2025-07-17 02:42:27,888 - Robot TURN_RIGHT - Position: (5, 6), Direction: SOUTH
2025-07-17 02:42:28,397 - Robot MOVE_FORWARD - Position: (5, 5), Direction: SOUTH
2025-07-17 02:42:28,399 - Robot TURN_RIGHT - Position: (5, 5), Direction: WEST
2025-07-17 02:42:28,906 - Robot MOVE_FORWARD - Position: (4, 5), Direction: WEST
2025-07-17 02:42:28,907 - Robot TURN_LEFT - Position: (4, 5), Direction: SOUTH
2025-07-17 02:42:29,415 - Robot MOVE_FORWARD - Position: (4, 4), Direction: SOUTH
2025-07-17 02:42:29,670 - Robot MOVE_FORWARD - Position: (4, 3), Direction: SOUTH
2025-07-17 02:42:29,671 - Robot TURN_RIGHT - Position: (4, 3), Direction: WEST
2025-07-17 02:42:30,181 - Robot MOVE_FORWARD - Position: (3, 3), Direction: WEST
2025-07-17 02:42:30,182 - Robot TURN_LEFT - Position: (3, 3), Direction: SOUTH
2025-07-17 02:42:30,440 - Hit wall at (3, 2) \u2192 Took diversion
2025-07-17 02:42:30,441 - Robot TURN_RIGHT - Position: (3, 3), Direction: WEST
2025-07-17 02:42:30,697 - Hit wall at (2, 3) \u2192 Took diversion
2025-07-17 02:42:30,698 - Robot TURN_RIGHT - Position: (3, 3), Direction: NORTH
2025-07-17 02:42:30,956 - Robot TURN_RIGHT - Position: (3, 3), Direction: EAST
2025-07-17 02:42:31,467 - Robot MOVE_FORWARD - Position: (4, 3), Direction: EAST
2025-07-17 02:42:31,467 - Robot TURN_LEFT - Position: (4, 3), Direction: NORTH
2025-07-17 02:42:31,976 - Robot MOVE_FORWARD - Position: (4, 4), Direction: NORTH
2025-07-17 02:42:32,233 - Robot MOVE_FORWARD - Position: (4, 5), Direction: NORTH
2025-07-17 02:42:32,491 - Robot MOVE_FORWARD - Position: (4, 6), Direction: NORTH
2025-07-17 02:42:32,748 - Robot MOVE_FORWARD - Position: (4, 7), Direction: NORTH
2025-07-17 02:42:33,006 - Robot MOVE_FORWARD - Position: (4, 8), Direction: NORTH
2025-07-17 02:42:33,263 - Robot MOVE_FORWARD - Position: (4, 9), Direction: NORTH
2025-07-17 02:42:33,265 - Hit wall at (4, 10) \u2192 Took diversion
2025-07-17 02:42:33,266 - Robot TURN_RIGHT - Position: (4, 9), Direction: EAST
