2025-07-10 23:34:25,401 - Robot MOVE_FORWARD - Position: (0, 1), Direction: NORTH
2025-07-10 23:34:25,986 - Robot MOVE_FORWARD - Position: (0, 2), Direction: NORTH
2025-07-10 23:34:26,991 - Robot MOVE_FORWARD - Position: (0, 3), Direction: NORTH
2025-07-10 23:34:27,994 - Robot MOVE_FORWARD - Position: (0, 4), Direction: NORTH
2025-07-10 23:34:30,003 - Robot MOVE_FORWARD - Position: (0, 5), Direction: NORTH
2025-07-11 00:51:32,321 - Robot MOVE_FORWARD - Position: (0, 1), Direction: NORTH
2025-07-11 00:51:32,322 - 2 is prime: robot moved forward.
2025-07-11 00:51:32,879 - Robot MOVE_FORWARD - Position: (0, 2), Direction: NORTH
2025-07-11 00:51:32,880 - 3 is prime: robot moved forward.
2025-07-11 00:51:33,382 - 4 is not prime: robot did not move.
2025-07-11 00:51:33,884 - Robot MOVE_FORWARD - Position: (0, 3), Direction: NORTH
2025-07-11 00:51:33,885 - 5 is prime: robot moved forward.
2025-07-11 00:51:34,387 - 6 is not prime: robot did not move.
2025-07-11 00:51:34,890 - Robot MOVE_FORWARD - Position: (0, 4), Direction: NORTH
2025-07-11 00:51:34,891 - 7 is prime: robot moved forward.
2025-07-11 00:51:35,393 - 8 is not prime: robot did not move.
2025-07-11 00:51:35,895 - 9 is not prime: robot did not move.
2025-07-11 00:51:36,397 - 10 is not prime: robot did not move.
2025-07-11 00:51:36,898 - Robot MOVE_FORWARD - Position: (0, 5), Direction: NORTH
2025-07-11 00:51:36,899 - 11 is prime: robot moved forward.
2025-07-11 00:51:38,547 - Robot TURN_LEFT - Position: (0, 0), Direction: WEST
2025-07-11 00:51:39,070 - Robot MOVE_FORWARD - Position: (-1, 0), Direction: WEST
2025-07-11 00:51:39,573 - Robot TURN_RIGHT - Position: (-1, 0), Direction: NORTH
2025-07-11 00:51:40,074 - Robot MOVE_FORWARD - Position: (-1, 1), Direction: NORTH
2025-07-11 00:51:40,576 - Robot TURN_LEFT - Position: (-1, 1), Direction: WEST
2025-07-11 00:51:41,077 - Robot MOVE_FORWARD - Position: (-2, 1), Direction: WEST
2025-07-11 00:51:41,579 - Robot TURN_RIGHT - Position: (-2, 1), Direction: NORTH
2025-07-11 00:51:42,080 - Robot MOVE_FORWARD - Position: (-2, 2), Direction: NORTH
2025-07-11 00:51:42,582 - Robot TURN_LEFT - Position: (-2, 2), Direction: WEST
2025-07-11 00:51:43,096 - Robot MOVE_FORWARD - Position: (-3, 2), Direction: WEST
2025-07-11 00:51:44,798 - Robot MOVE_FORWARD - Position: (0, 1), Direction: NORTH
2025-07-11 00:51:44,798 - Robot TURN_RIGHT - Position: (0, 1), Direction: EAST
2025-07-11 00:51:44,799 - Robot MOVE_FORWARD - Position: (1, 1), Direction: EAST
2025-07-11 00:51:44,799 - Robot MOVE_FORWARD - Position: (2, 1), Direction: EAST
2025-07-11 00:51:44,799 - Robot TURN_RIGHT - Position: (2, 1), Direction: SOUTH
2025-07-11 00:51:44,799 - Robot MOVE_FORWARD - Position: (2, 0), Direction: SOUTH
2025-07-11 00:51:44,799 - Robot MOVE_FORWARD - Position: (2, -1), Direction: SOUTH
2025-07-11 00:51:44,799 - Robot MOVE_FORWARD - Position: (2, -2), Direction: SOUTH
2025-07-11 00:51:44,800 - Robot TURN_RIGHT - Position: (2, -2), Direction: WEST
2025-07-11 00:51:44,800 - Robot MOVE_FORWARD - Position: (1, -2), Direction: WEST
2025-07-11 00:51:44,800 - Robot MOVE_FORWARD - Position: (0, -2), Direction: WEST
2025-07-11 00:51:44,800 - Robot MOVE_FORWARD - Position: (-1, -2), Direction: WEST
2025-07-11 00:51:44,800 - Robot MOVE_FORWARD - Position: (-2, -2), Direction: WEST
2025-07-11 00:51:44,800 - Robot TURN_RIGHT - Position: (-2, -2), Direction: NORTH
2025-07-11 00:51:46,506 - Robot MOVE_FORWARD - Position: (0, 1), Direction: NORTH
2025-07-11 00:51:46,506 - Robot MOVE_FORWARD - Position: (0, 2), Direction: NORTH
2025-07-11 00:51:46,506 - Robot MOVE_FORWARD - Position: (0, 3), Direction: NORTH
2025-07-11 00:51:46,507 - Robot TURN_RIGHT - Position: (0, 3), Direction: EAST
2025-07-11 00:51:46,507 - Robot MOVE_FORWARD - Position: (1, 3), Direction: EAST
2025-07-11 00:51:46,507 - Robot MOVE_FORWARD - Position: (2, 3), Direction: EAST
2025-07-11 00:51:46,507 - Robot MOVE_FORWARD - Position: (3, 3), Direction: EAST
2025-07-11 00:51:46,507 - Robot TURN_RIGHT - Position: (3, 3), Direction: SOUTH
2025-07-11 00:51:46,507 - Robot MOVE_FORWARD - Position: (3, 2), Direction: SOUTH
2025-07-11 00:51:46,507 - Robot MOVE_FORWARD - Position: (3, 1), Direction: SOUTH
2025-07-11 00:51:46,507 - Robot MOVE_FORWARD - Position: (3, 0), Direction: SOUTH
2025-07-11 00:51:46,507 - Robot TURN_RIGHT - Position: (3, 0), Direction: WEST
2025-07-11 00:51:46,507 - Robot MOVE_FORWARD - Position: (2, 0), Direction: WEST
2025-07-11 00:51:46,507 - Robot MOVE_FORWARD - Position: (1, 0), Direction: WEST
2025-07-11 00:51:46,507 - Robot MOVE_FORWARD - Position: (0, 0), Direction: WEST
2025-07-11 00:51:46,507 - Robot TURN_RIGHT - Position: (0, 0), Direction: NORTH
2025-07-11 00:51:48,177 - Robot MOVE_FORWARD - Position: (0, 1), Direction: NORTH
2025-07-11 00:51:48,713 - Robot TURN_RIGHT - Position: (0, 1), Direction: EAST
2025-07-11 00:51:49,219 - Robot MOVE_FORWARD - Position: (1, 1), Direction: EAST
2025-07-11 10:22:21,861 - Robot MOVE_FORWARD - Position: (0, 1), Direction: NORTH
2025-07-11 10:22:22,246 - 2 is prime: robot moved forward.
2025-07-11 10:22:22,246 - Robot MOVE_FORWARD - Position: (0, 2), Direction: NORTH
2025-07-11 10:22:22,548 - 3 is prime: robot moved forward.
2025-07-11 10:22:22,549 - 4 is not prime: robot did not move.
2025-07-11 10:22:22,549 - Robot MOVE_FORWARD - Position: (0, 3), Direction: NORTH
2025-07-11 10:22:22,850 - 5 is prime: robot moved forward.
2025-07-11 10:22:22,851 - 6 is not prime: robot did not move.
2025-07-11 10:22:22,851 - Robot MOVE_FORWARD - Position: (0, 4), Direction: NORTH
2025-07-11 10:22:23,153 - 7 is prime: robot moved forward.
2025-07-11 10:22:23,153 - 8 is not prime: robot did not move.
2025-07-11 10:22:23,154 - 9 is not prime: robot did not move.
2025-07-11 10:22:23,154 - 10 is not prime: robot did not move.
2025-07-11 10:22:23,154 - Robot MOVE_FORWARD - Position: (0, 5), Direction: NORTH
2025-07-11 10:22:23,456 - 11 is prime: robot moved forward.
2025-07-11 10:22:24,598 - Robot TURN_LEFT - Position: (0, 0), Direction: WEST
2025-07-11 10:22:24,941 - Hit wall at (-1, 0) \u2192 Took diversion
2025-07-11 10:22:24,943 - Robot TURN_RIGHT - Position: (0, 0), Direction: NORTH
2025-07-11 10:22:25,546 - Robot MOVE_FORWARD - Position: (0, 1), Direction: NORTH
2025-07-11 10:22:25,848 - Robot TURN_RIGHT - Position: (0, 1), Direction: EAST
2025-07-11 10:22:26,148 - Robot MOVE_FORWARD - Position: (1, 1), Direction: EAST
2025-07-11 10:22:26,449 - Robot TURN_LEFT - Position: (1, 1), Direction: NORTH
2025-07-11 10:22:26,750 - Robot MOVE_FORWARD - Position: (1, 2), Direction: NORTH
2025-07-11 10:22:27,051 - Robot TURN_RIGHT - Position: (1, 2), Direction: EAST
2025-07-11 10:22:27,352 - Robot MOVE_FORWARD - Position: (2, 2), Direction: EAST
2025-07-11 10:22:27,654 - Robot TURN_LEFT - Position: (2, 2), Direction: NORTH
2025-07-11 10:22:27,955 - Robot MOVE_FORWARD - Position: (2, 3), Direction: NORTH
2025-07-11 10:22:29,337 - Robot MOVE_FORWARD - Position: (0, 1), Direction: NORTH
2025-07-11 10:22:29,669 - Robot TURN_RIGHT - Position: (0, 1), Direction: EAST
2025-07-11 10:22:29,971 - Robot MOVE_FORWARD - Position: (1, 1), Direction: EAST
2025-07-11 10:22:30,272 - Robot MOVE_FORWARD - Position: (2, 1), Direction: EAST
2025-07-11 10:22:30,574 - Robot TURN_RIGHT - Position: (2, 1), Direction: SOUTH
2025-07-11 10:22:30,880 - Robot MOVE_FORWARD - Position: (2, 0), Direction: SOUTH
2025-07-11 10:22:31,181 - Hit wall at (2, -1) \u2192 Took diversion
2025-07-11 10:22:31,182 - Robot TURN_RIGHT - Position: (2, 0), Direction: WEST
2025-07-11 10:22:31,785 - Robot MOVE_FORWARD - Position: (1, 0), Direction: WEST
2025-07-11 10:22:32,088 - Robot MOVE_FORWARD - Position: (0, 0), Direction: WEST
2025-07-11 10:22:32,391 - Robot TURN_RIGHT - Position: (0, 0), Direction: NORTH
2025-07-11 10:22:32,695 - Robot MOVE_FORWARD - Position: (0, 1), Direction: NORTH
2025-07-11 10:22:32,998 - Robot MOVE_FORWARD - Position: (0, 2), Direction: NORTH
2025-07-11 10:22:33,300 - Robot MOVE_FORWARD - Position: (0, 3), Direction: NORTH
2025-07-11 10:22:33,602 - Robot MOVE_FORWARD - Position: (0, 4), Direction: NORTH
2025-07-11 10:22:33,905 - Robot TURN_RIGHT - Position: (0, 4), Direction: EAST
2025-07-11 10:22:35,291 - Robot MOVE_FORWARD - Position: (0, 1), Direction: NORTH
2025-07-11 10:22:35,620 - Robot MOVE_FORWARD - Position: (0, 2), Direction: NORTH
2025-07-11 10:22:35,925 - Robot MOVE_FORWARD - Position: (0, 3), Direction: NORTH
2025-07-11 10:22:36,228 - Robot TURN_RIGHT - Position: (0, 3), Direction: EAST
2025-07-11 10:22:36,533 - Robot MOVE_FORWARD - Position: (1, 3), Direction: EAST
2025-07-11 10:22:36,836 - Robot MOVE_FORWARD - Position: (2, 3), Direction: EAST
2025-07-11 10:22:37,138 - Robot MOVE_FORWARD - Position: (3, 3), Direction: EAST
2025-07-11 10:22:37,441 - Robot TURN_RIGHT - Position: (3, 3), Direction: SOUTH
2025-07-11 10:22:37,745 - Robot MOVE_FORWARD - Position: (3, 2), Direction: SOUTH
2025-07-11 10:22:38,048 - Robot MOVE_FORWARD - Position: (3, 1), Direction: SOUTH
2025-07-11 10:22:38,350 - Robot MOVE_FORWARD - Position: (3, 0), Direction: SOUTH
2025-07-11 10:22:38,653 - Robot TURN_RIGHT - Position: (3, 0), Direction: WEST
2025-07-11 10:22:38,955 - Robot MOVE_FORWARD - Position: (2, 0), Direction: WEST
2025-07-11 10:22:39,258 - Robot MOVE_FORWARD - Position: (1, 0), Direction: WEST
2025-07-11 10:22:39,561 - Robot MOVE_FORWARD - Position: (0, 0), Direction: WEST
2025-07-11 10:22:39,863 - Robot TURN_RIGHT - Position: (0, 0), Direction: NORTH
2025-07-11 10:22:41,257 - Robot MOVE_FORWARD - Position: (0, 1), Direction: NORTH
2025-07-11 10:22:41,893 - Robot TURN_RIGHT - Position: (0, 1), Direction: EAST
2025-07-11 10:22:42,497 - Robot MOVE_FORWARD - Position: (1, 1), Direction: EAST
2025-07-11 10:41:47,401 - Robot MOVE_FORWARD - Position: (0, 1), Direction: NORTH
2025-07-11 10:41:47,779 - 2 is prime: robot moved forward.
2025-07-11 10:41:47,779 - Robot MOVE_FORWARD - Position: (0, 2), Direction: NORTH
2025-07-11 10:41:48,083 - 3 is prime: robot moved forward.
2025-07-11 10:41:48,084 - 4 is not prime: robot did not move.
2025-07-11 10:41:48,084 - Robot MOVE_FORWARD - Position: (0, 3), Direction: NORTH
2025-07-11 10:41:48,386 - 5 is prime: robot moved forward.
2025-07-11 10:41:48,387 - 6 is not prime: robot did not move.
2025-07-11 10:41:48,387 - Robot MOVE_FORWARD - Position: (0, 4), Direction: NORTH
2025-07-11 10:41:48,689 - 7 is prime: robot moved forward.
2025-07-11 10:41:48,690 - 8 is not prime: robot did not move.
2025-07-11 10:41:48,691 - 9 is not prime: robot did not move.
2025-07-11 10:41:48,691 - 10 is not prime: robot did not move.
2025-07-11 10:41:48,692 - Robot MOVE_FORWARD - Position: (0, 5), Direction: NORTH
2025-07-11 10:41:48,994 - 11 is prime: robot moved forward.
2025-07-11 10:41:51,109 - Robot TURN_LEFT - Position: (0, 0), Direction: WEST
2025-07-11 10:41:51,433 - Hit wall at (-1, 0) \u2192 Took diversion
2025-07-11 10:41:51,436 - Robot TURN_RIGHT - Position: (0, 0), Direction: NORTH
2025-07-11 10:41:51,740 - Robot TURN_RIGHT - Position: (0, 0), Direction: EAST
2025-07-11 10:41:52,043 - Robot MOVE_FORWARD - Position: (1, 0), Direction: EAST
2025-07-11 10:41:52,347 - Robot TURN_LEFT - Position: (1, 0), Direction: NORTH
2025-07-11 10:41:52,649 - Robot MOVE_FORWARD - Position: (1, 1), Direction: NORTH
2025-07-11 10:41:52,951 - Robot TURN_RIGHT - Position: (1, 1), Direction: EAST
2025-07-11 10:41:53,254 - Hit wall at (2, 1) \u2192 Took diversion
2025-07-11 10:41:53,254 - Robot TURN_RIGHT - Position: (1, 1), Direction: SOUTH
2025-07-11 10:41:53,556 - Robot TURN_LEFT - Position: (1, 1), Direction: EAST
2025-07-11 10:41:53,859 - Hit wall at (2, 1) \u2192 Took diversion
2025-07-11 10:41:53,860 - Robot TURN_RIGHT - Position: (1, 1), Direction: SOUTH
2025-07-11 10:41:56,259 - Robot MOVE_FORWARD - Position: (0, 1), Direction: NORTH
2025-07-11 10:41:56,597 - Robot TURN_RIGHT - Position: (0, 1), Direction: EAST
2025-07-11 10:41:56,909 - Robot MOVE_FORWARD - Position: (1, 1), Direction: EAST
2025-07-11 10:41:57,213 - Robot MOVE_FORWARD - Position: (2, 1), Direction: EAST
2025-07-11 10:41:57,516 - Robot TURN_RIGHT - Position: (2, 1), Direction: SOUTH
2025-07-11 10:41:57,819 - Robot MOVE_FORWARD - Position: (2, 0), Direction: SOUTH
2025-07-11 10:41:58,122 - Hit wall at (2, -1) \u2192 Took diversion
2025-07-11 10:41:58,123 - Robot TURN_RIGHT - Position: (2, 0), Direction: WEST
2025-07-11 10:41:58,426 - Robot MOVE_FORWARD - Position: (1, 0), Direction: WEST
2025-07-11 10:41:58,728 - Robot TURN_RIGHT - Position: (1, 0), Direction: NORTH
2025-07-11 10:41:59,031 - Robot MOVE_FORWARD - Position: (1, 1), Direction: NORTH
2025-07-11 10:41:59,334 - Robot MOVE_FORWARD - Position: (1, 2), Direction: NORTH
2025-07-11 10:41:59,639 - Robot MOVE_FORWARD - Position: (1, 3), Direction: NORTH
2025-07-11 10:41:59,942 - Robot MOVE_FORWARD - Position: (1, 4), Direction: NORTH
2025-07-11 10:42:00,244 - Robot TURN_RIGHT - Position: (1, 4), Direction: EAST
2025-07-11 10:42:03,622 - Robot MOVE_FORWARD - Position: (0, 1), Direction: NORTH
2025-07-11 10:42:03,949 - Robot MOVE_FORWARD - Position: (0, 2), Direction: NORTH
2025-07-11 10:42:04,257 - Robot MOVE_FORWARD - Position: (0, 3), Direction: NORTH
2025-07-11 10:42:04,558 - Robot TURN_RIGHT - Position: (0, 3), Direction: EAST
2025-07-11 10:42:04,859 - Robot MOVE_FORWARD - Position: (1, 3), Direction: EAST
2025-07-11 10:42:05,161 - Robot MOVE_FORWARD - Position: (2, 3), Direction: EAST
2025-07-11 10:42:05,464 - Robot MOVE_FORWARD - Position: (3, 3), Direction: EAST
2025-07-11 10:42:05,766 - Robot TURN_RIGHT - Position: (3, 3), Direction: SOUTH
2025-07-11 10:42:06,068 - Robot MOVE_FORWARD - Position: (3, 2), Direction: SOUTH
2025-07-11 10:42:06,372 - Robot MOVE_FORWARD - Position: (3, 1), Direction: SOUTH
2025-07-11 10:42:06,675 - Robot MOVE_FORWARD - Position: (3, 0), Direction: SOUTH
2025-07-11 10:42:06,977 - Robot TURN_RIGHT - Position: (3, 0), Direction: WEST
2025-07-11 10:42:07,279 - Robot MOVE_FORWARD - Position: (2, 0), Direction: WEST
2025-07-11 10:42:07,583 - Robot MOVE_FORWARD - Position: (1, 0), Direction: WEST
2025-07-11 10:42:07,886 - Robot MOVE_FORWARD - Position: (0, 0), Direction: WEST
2025-07-11 10:42:08,188 - Robot TURN_RIGHT - Position: (0, 0), Direction: NORTH
2025-07-11 10:42:11,579 - Robot MOVE_FORWARD - Position: (0, 1), Direction: NORTH
2025-07-11 10:42:11,907 - Robot TURN_RIGHT - Position: (0, 1), Direction: EAST
2025-07-11 10:42:12,213 - Robot MOVE_FORWARD - Position: (1, 1), Direction: EAST
2025-07-11 10:42:12,517 - Robot TURN_LEFT - Position: (1, 1), Direction: NORTH
2025-07-11 10:42:12,821 - Robot MOVE_FORWARD - Position: (1, 2), Direction: NORTH
2025-07-11 10:42:13,124 - Robot TURN_RIGHT - Position: (1, 2), Direction: EAST
2025-07-11 10:42:13,427 - Hit wall at (2, 2) \u2192 Took diversion
2025-07-11 10:42:13,428 - Robot TURN_RIGHT - Position: (1, 2), Direction: SOUTH
2025-07-11 10:42:13,731 - Robot TURN_LEFT - Position: (1, 2), Direction: EAST
2025-07-11 10:42:14,033 - Hit wall at (2, 2) \u2192 Took diversion
2025-07-11 10:42:14,034 - Robot TURN_RIGHT - Position: (1, 2), Direction: SOUTH
2025-07-11 10:42:14,338 - Robot TURN_RIGHT - Position: (1, 2), Direction: WEST
2025-07-11 10:42:14,640 - Robot MOVE_FORWARD - Position: (0, 2), Direction: WEST
2025-07-11 10:42:14,942 - Robot TURN_LEFT - Position: (0, 2), Direction: SOUTH
2025-07-11 10:42:15,244 - Robot MOVE_FORWARD - Position: (0, 1), Direction: SOUTH
2025-07-11 10:42:15,547 - Robot TURN_RIGHT - Position: (0, 1), Direction: WEST
2025-07-11 10:42:15,851 - Hit wall at (-1, 1) \u2192 Took diversion
2025-07-11 10:42:15,852 - Robot TURN_RIGHT - Position: (0, 1), Direction: NORTH
2025-07-11 10:42:16,155 - Robot TURN_LEFT - Position: (0, 1), Direction: WEST
2025-07-11 10:42:16,457 - Hit wall at (-1, 1) \u2192 Took diversion
2025-07-11 10:42:16,458 - Robot TURN_RIGHT - Position: (0, 1), Direction: NORTH
2025-07-11 10:42:16,760 - Robot MOVE_FORWARD - Position: (0, 2), Direction: NORTH
2025-07-11 10:42:17,063 - Robot MOVE_FORWARD - Position: (0, 3), Direction: NORTH
2025-07-11 10:42:17,366 - Robot MOVE_FORWARD - Position: (0, 4), Direction: NORTH
2025-07-11 10:42:17,669 - Robot MOVE_FORWARD - Position: (0, 5), Direction: NORTH
2025-07-11 19:09:20,386 - Robot MOVE_FORWARD - Position: (0, 1), Direction: NORTH
2025-07-11 19:09:20,829 - 2 is prime: robot moved forward.
2025-07-11 19:09:20,829 - Robot MOVE_FORWARD - Position: (0, 2), Direction: NORTH
2025-07-11 19:09:21,142 - 3 is prime: robot moved forward.
2025-07-11 19:09:21,143 - 4 is not prime: robot did not move.
2025-07-11 19:09:21,143 - Robot MOVE_FORWARD - Position: (0, 3), Direction: NORTH
2025-07-11 19:09:21,445 - 5 is prime: robot moved forward.
2025-07-11 19:09:21,445 - 6 is not prime: robot did not move.
2025-07-11 19:09:21,446 - Robot MOVE_FORWARD - Position: (0, 4), Direction: NORTH
2025-07-11 19:09:21,747 - 7 is prime: robot moved forward.
2025-07-11 19:09:21,748 - 8 is not prime: robot did not move.
2025-07-11 19:09:21,749 - 9 is not prime: robot did not move.
2025-07-11 19:09:21,749 - 10 is not prime: robot did not move.
2025-07-11 19:09:21,749 - Robot MOVE_FORWARD - Position: (0, 5), Direction: NORTH
2025-07-11 19:09:22,051 - 11 is prime: robot moved forward.
2025-07-11 19:09:24,201 - Robot TURN_LEFT - Position: (0, 0), Direction: WEST
2025-07-11 19:09:24,537 - Hit wall at (-1, 0) \u2192 Took diversion
2025-07-11 19:09:24,540 - Robot TURN_RIGHT - Position: (0, 0), Direction: NORTH
2025-07-11 19:09:24,849 - Robot TURN_RIGHT - Position: (0, 0), Direction: EAST
2025-07-11 19:09:25,150 - Robot MOVE_FORWARD - Position: (1, 0), Direction: EAST
2025-07-11 19:09:25,452 - Robot TURN_LEFT - Position: (1, 0), Direction: NORTH
2025-07-11 19:09:25,753 - Robot MOVE_FORWARD - Position: (1, 1), Direction: NORTH
2025-07-11 19:09:26,055 - Robot TURN_RIGHT - Position: (1, 1), Direction: EAST
2025-07-11 19:09:26,356 - Hit wall at (2, 1) \u2192 Took diversion
2025-07-11 19:09:26,357 - Robot TURN_RIGHT - Position: (1, 1), Direction: SOUTH
2025-07-11 19:09:26,659 - Robot TURN_LEFT - Position: (1, 1), Direction: EAST
2025-07-11 19:09:26,961 - Hit wall at (2, 1) \u2192 Took diversion
2025-07-11 19:09:26,962 - Robot TURN_RIGHT - Position: (1, 1), Direction: SOUTH
2025-07-11 19:09:29,454 - Robot MOVE_FORWARD - Position: (0, 1), Direction: NORTH
2025-07-11 19:09:29,852 - Robot TURN_RIGHT - Position: (0, 1), Direction: EAST
2025-07-11 19:09:30,156 - Robot MOVE_FORWARD - Position: (1, 1), Direction: EAST
2025-07-11 19:09:30,458 - Robot MOVE_FORWARD - Position: (2, 1), Direction: EAST
2025-07-11 19:09:30,761 - Robot TURN_RIGHT - Position: (2, 1), Direction: SOUTH
2025-07-11 19:09:31,066 - Robot MOVE_FORWARD - Position: (2, 0), Direction: SOUTH
2025-07-11 19:09:31,368 - Hit wall at (2, -1) \u2192 Took diversion
2025-07-11 19:09:31,368 - Robot TURN_RIGHT - Position: (2, 0), Direction: WEST
2025-07-11 19:09:31,670 - Robot MOVE_FORWARD - Position: (1, 0), Direction: WEST
2025-07-11 19:09:31,972 - Robot TURN_RIGHT - Position: (1, 0), Direction: NORTH
2025-07-11 19:09:32,273 - Robot MOVE_FORWARD - Position: (1, 1), Direction: NORTH
2025-07-11 19:09:32,575 - Robot MOVE_FORWARD - Position: (1, 2), Direction: NORTH
2025-07-11 19:09:32,877 - Robot MOVE_FORWARD - Position: (1, 3), Direction: NORTH
2025-07-11 19:09:33,178 - Robot MOVE_FORWARD - Position: (1, 4), Direction: NORTH
2025-07-11 19:09:33,480 - Robot TURN_RIGHT - Position: (1, 4), Direction: EAST
2025-07-11 19:09:36,969 - Robot MOVE_FORWARD - Position: (0, 1), Direction: NORTH
2025-07-11 19:09:37,337 - Robot MOVE_FORWARD - Position: (0, 2), Direction: NORTH
2025-07-11 19:09:37,640 - Robot MOVE_FORWARD - Position: (0, 3), Direction: NORTH
2025-07-11 19:09:37,944 - Robot TURN_RIGHT - Position: (0, 3), Direction: EAST
2025-07-11 19:09:38,245 - Robot MOVE_FORWARD - Position: (1, 3), Direction: EAST
2025-07-11 19:09:38,547 - Robot MOVE_FORWARD - Position: (2, 3), Direction: EAST
2025-07-11 19:09:38,853 - Robot MOVE_FORWARD - Position: (3, 3), Direction: EAST
2025-07-11 19:09:39,154 - Robot TURN_RIGHT - Position: (3, 3), Direction: SOUTH
2025-07-11 19:09:39,456 - Robot MOVE_FORWARD - Position: (3, 2), Direction: SOUTH
2025-07-11 19:09:39,758 - Robot MOVE_FORWARD - Position: (3, 1), Direction: SOUTH
2025-07-11 19:09:40,059 - Robot MOVE_FORWARD - Position: (3, 0), Direction: SOUTH
2025-07-11 19:09:40,361 - Robot TURN_RIGHT - Position: (3, 0), Direction: WEST
2025-07-11 19:09:40,662 - Robot MOVE_FORWARD - Position: (2, 0), Direction: WEST
2025-07-11 19:09:40,964 - Robot MOVE_FORWARD - Position: (1, 0), Direction: WEST
2025-07-11 19:09:41,265 - Robot MOVE_FORWARD - Position: (0, 0), Direction: WEST
2025-07-11 19:09:41,567 - Robot TURN_RIGHT - Position: (0, 0), Direction: NORTH
2025-07-11 19:09:44,999 - Robot MOVE_FORWARD - Position: (0, 1), Direction: NORTH
2025-07-11 19:09:45,343 - Robot TURN_RIGHT - Position: (0, 1), Direction: EAST
2025-07-11 19:09:45,650 - Robot MOVE_FORWARD - Position: (1, 1), Direction: EAST
2025-07-11 19:09:45,951 - Robot TURN_LEFT - Position: (1, 1), Direction: NORTH
2025-07-11 19:09:46,253 - Robot MOVE_FORWARD - Position: (1, 2), Direction: NORTH
2025-07-11 19:09:46,554 - Robot TURN_RIGHT - Position: (1, 2), Direction: EAST
2025-07-11 19:09:46,856 - Hit wall at (2, 2) \u2192 Took diversion
2025-07-11 19:09:46,857 - Robot TURN_RIGHT - Position: (1, 2), Direction: SOUTH
2025-07-11 19:09:47,158 - Robot TURN_LEFT - Position: (1, 2), Direction: EAST
2025-07-11 19:09:47,460 - Hit wall at (2, 2) \u2192 Took diversion
2025-07-11 19:09:47,460 - Robot TURN_RIGHT - Position: (1, 2), Direction: SOUTH
2025-07-11 19:09:47,762 - Robot TURN_RIGHT - Position: (1, 2), Direction: WEST
2025-07-11 19:09:48,063 - Robot MOVE_FORWARD - Position: (0, 2), Direction: WEST
2025-07-11 19:09:48,364 - Robot TURN_LEFT - Position: (0, 2), Direction: SOUTH
2025-07-11 19:09:48,665 - Robot MOVE_FORWARD - Position: (0, 1), Direction: SOUTH
2025-07-11 19:09:48,967 - Robot TURN_RIGHT - Position: (0, 1), Direction: WEST
2025-07-11 19:09:49,269 - Hit wall at (-1, 1) \u2192 Took diversion
2025-07-11 19:09:49,269 - Robot TURN_RIGHT - Position: (0, 1), Direction: NORTH
2025-07-11 19:09:49,571 - Robot TURN_LEFT - Position: (0, 1), Direction: WEST
2025-07-11 19:09:49,873 - Hit wall at (-1, 1) \u2192 Took diversion
2025-07-11 19:09:49,873 - Robot TURN_RIGHT - Position: (0, 1), Direction: NORTH
2025-07-11 19:09:50,175 - Robot MOVE_FORWARD - Position: (0, 2), Direction: NORTH
2025-07-11 19:09:50,479 - Robot MOVE_FORWARD - Position: (0, 3), Direction: NORTH
2025-07-11 19:09:50,781 - Robot MOVE_FORWARD - Position: (0, 4), Direction: NORTH
2025-07-11 19:09:51,083 - Robot MOVE_FORWARD - Position: (0, 5), Direction: NORTH
2025-07-14 18:52:48,272 - Robot MOVE_FORWARD - Position: (0, 1), Direction: NORTH
2025-07-14 18:52:48,687 - 2 is prime: robot moved forward.
2025-07-14 18:52:48,687 - Robot MOVE_FORWARD - Position: (0, 2), Direction: NORTH
2025-07-14 18:52:48,988 - 3 is prime: robot moved forward.
2025-07-14 18:52:48,989 - 4 is not prime: robot did not move.
2025-07-14 18:52:48,989 - Robot MOVE_FORWARD - Position: (0, 3), Direction: NORTH
2025-07-14 18:52:49,290 - 5 is prime: robot moved forward.
2025-07-14 18:52:49,291 - 6 is not prime: robot did not move.
2025-07-14 18:52:49,291 - Robot MOVE_FORWARD - Position: (0, 4), Direction: NORTH
2025-07-14 18:52:49,593 - 7 is prime: robot moved forward.
2025-07-14 18:52:49,593 - 8 is not prime: robot did not move.
2025-07-14 18:52:49,594 - 9 is not prime: robot did not move.
2025-07-14 18:52:49,594 - 10 is not prime: robot did not move.
2025-07-14 18:52:49,594 - Robot MOVE_FORWARD - Position: (0, 5), Direction: NORTH
2025-07-14 18:52:49,895 - 11 is prime: robot moved forward.
2025-07-14 18:52:52,009 - Robot TURN_LEFT - Position: (0, 0), Direction: WEST
2025-07-14 18:52:52,335 - Hit wall at (-1, 0) \u2192 Took diversion
2025-07-14 18:52:52,338 - Robot TURN_RIGHT - Position: (0, 0), Direction: NORTH
2025-07-14 18:52:52,639 - Robot TURN_RIGHT - Position: (0, 0), Direction: EAST
2025-07-14 18:52:52,940 - Robot MOVE_FORWARD - Position: (1, 0), Direction: EAST
2025-07-14 18:52:53,242 - Robot TURN_LEFT - Position: (1, 0), Direction: NORTH
2025-07-14 18:52:53,545 - Robot MOVE_FORWARD - Position: (1, 1), Direction: NORTH
2025-07-14 18:52:53,846 - Robot TURN_RIGHT - Position: (1, 1), Direction: EAST
2025-07-14 18:52:54,149 - Hit wall at (2, 1) \u2192 Took diversion
2025-07-14 18:52:54,150 - Robot TURN_RIGHT - Position: (1, 1), Direction: SOUTH
2025-07-14 18:52:54,453 - Robot TURN_LEFT - Position: (1, 1), Direction: EAST
2025-07-14 18:52:54,754 - Hit wall at (2, 1) \u2192 Took diversion
2025-07-14 18:52:54,755 - Robot TURN_RIGHT - Position: (1, 1), Direction: SOUTH
2025-07-14 18:52:57,148 - Robot MOVE_FORWARD - Position: (0, 1), Direction: NORTH
2025-07-14 18:52:57,505 - Robot TURN_RIGHT - Position: (0, 1), Direction: EAST
2025-07-14 18:52:57,810 - Robot MOVE_FORWARD - Position: (1, 1), Direction: EAST
2025-07-14 18:52:58,112 - Robot MOVE_FORWARD - Position: (2, 1), Direction: EAST
2025-07-14 18:52:58,413 - Robot TURN_RIGHT - Position: (2, 1), Direction: SOUTH
2025-07-14 18:52:58,715 - Robot MOVE_FORWARD - Position: (2, 0), Direction: SOUTH
2025-07-14 18:52:59,016 - Hit wall at (2, -1) \u2192 Took diversion
2025-07-14 18:52:59,017 - Robot TURN_RIGHT - Position: (2, 0), Direction: WEST
2025-07-14 18:52:59,318 - Robot MOVE_FORWARD - Position: (1, 0), Direction: WEST
2025-07-14 18:52:59,620 - Robot TURN_RIGHT - Position: (1, 0), Direction: NORTH
2025-07-14 18:52:59,926 - Robot MOVE_FORWARD - Position: (1, 1), Direction: NORTH
2025-07-14 18:53:00,226 - Robot MOVE_FORWARD - Position: (1, 2), Direction: NORTH
2025-07-14 18:53:00,527 - Robot MOVE_FORWARD - Position: (1, 3), Direction: NORTH
2025-07-14 18:53:00,831 - Robot MOVE_FORWARD - Position: (1, 4), Direction: NORTH
2025-07-14 18:53:01,133 - Robot TURN_RIGHT - Position: (1, 4), Direction: EAST
2025-07-14 18:53:04,524 - Robot MOVE_FORWARD - Position: (0, 1), Direction: NORTH
2025-07-14 18:53:04,861 - Robot MOVE_FORWARD - Position: (0, 2), Direction: NORTH
2025-07-14 18:53:05,166 - Robot MOVE_FORWARD - Position: (0, 3), Direction: NORTH
2025-07-14 18:53:05,466 - Robot TURN_RIGHT - Position: (0, 3), Direction: EAST
2025-07-14 18:53:05,768 - Robot MOVE_FORWARD - Position: (1, 3), Direction: EAST
2025-07-14 18:53:06,069 - Robot MOVE_FORWARD - Position: (2, 3), Direction: EAST
2025-07-14 18:53:06,370 - Robot MOVE_FORWARD - Position: (3, 3), Direction: EAST
2025-07-14 18:53:06,671 - Robot TURN_RIGHT - Position: (3, 3), Direction: SOUTH
2025-07-14 18:53:06,972 - Robot MOVE_FORWARD - Position: (3, 2), Direction: SOUTH
2025-07-14 18:53:07,274 - Robot MOVE_FORWARD - Position: (3, 1), Direction: SOUTH
2025-07-14 18:53:07,577 - Robot MOVE_FORWARD - Position: (3, 0), Direction: SOUTH
2025-07-14 18:53:07,879 - Robot TURN_RIGHT - Position: (3, 0), Direction: WEST
2025-07-14 18:53:08,180 - Robot MOVE_FORWARD - Position: (2, 0), Direction: WEST
2025-07-14 18:53:08,487 - Robot MOVE_FORWARD - Position: (1, 0), Direction: WEST
2025-07-14 18:53:08,788 - Robot MOVE_FORWARD - Position: (0, 0), Direction: WEST
2025-07-14 18:53:09,089 - Robot TURN_RIGHT - Position: (0, 0), Direction: NORTH
2025-07-14 18:53:12,483 - Robot MOVE_FORWARD - Position: (0, 1), Direction: NORTH
2025-07-14 18:53:12,820 - Robot TURN_RIGHT - Position: (0, 1), Direction: EAST
2025-07-14 18:53:13,122 - Robot MOVE_FORWARD - Position: (1, 1), Direction: EAST
2025-07-14 18:53:13,423 - Robot TURN_LEFT - Position: (1, 1), Direction: NORTH
2025-07-14 18:53:13,724 - Robot MOVE_FORWARD - Position: (1, 2), Direction: NORTH
2025-07-14 18:53:14,025 - Robot TURN_RIGHT - Position: (1, 2), Direction: EAST
2025-07-14 18:53:14,327 - Hit wall at (2, 2) \u2192 Took diversion
2025-07-14 18:53:14,327 - Robot TURN_RIGHT - Position: (1, 2), Direction: SOUTH
2025-07-14 18:53:14,629 - Robot TURN_LEFT - Position: (1, 2), Direction: EAST
2025-07-14 18:53:14,930 - Hit wall at (2, 2) \u2192 Took diversion
2025-07-14 18:53:14,930 - Robot TURN_RIGHT - Position: (1, 2), Direction: SOUTH
2025-07-14 18:53:15,234 - Robot TURN_RIGHT - Position: (1, 2), Direction: WEST
2025-07-14 18:53:15,535 - Robot MOVE_FORWARD - Position: (0, 2), Direction: WEST
2025-07-14 18:53:15,836 - Robot TURN_LEFT - Position: (0, 2), Direction: SOUTH
2025-07-14 18:53:16,138 - Robot MOVE_FORWARD - Position: (0, 1), Direction: SOUTH
2025-07-14 18:53:16,439 - Robot TURN_RIGHT - Position: (0, 1), Direction: WEST
2025-07-14 18:53:16,740 - Hit wall at (-1, 1) \u2192 Took diversion
2025-07-14 18:53:16,741 - Robot TURN_RIGHT - Position: (0, 1), Direction: NORTH
2025-07-14 18:53:17,042 - Robot TURN_LEFT - Position: (0, 1), Direction: WEST
2025-07-14 18:53:17,342 - Hit wall at (-1, 1) \u2192 Took diversion
2025-07-14 18:53:17,343 - Robot TURN_RIGHT - Position: (0, 1), Direction: NORTH
2025-07-14 18:53:17,644 - Robot MOVE_FORWARD - Position: (0, 2), Direction: NORTH
2025-07-14 18:53:17,945 - Robot MOVE_FORWARD - Position: (0, 3), Direction: NORTH
2025-07-14 18:53:18,246 - Robot MOVE_FORWARD - Position: (0, 4), Direction: NORTH
2025-07-14 18:53:18,547 - Robot MOVE_FORWARD - Position: (0, 5), Direction: NORTH
2025-07-14 21:54:43,388 - Robot MOVE_FORWARD - Position: (0, 1), Direction: NORTH
2025-07-14 21:54:43,779 - 2 is prime: robot moved forward.
2025-07-14 21:54:43,780 - Robot MOVE_FORWARD - Position: (0, 2), Direction: NORTH
2025-07-14 21:54:44,089 - 3 is prime: robot moved forward.
2025-07-14 21:54:44,090 - 4 is not prime: robot did not move.
2025-07-14 21:54:44,091 - Robot MOVE_FORWARD - Position: (0, 3), Direction: NORTH
2025-07-14 21:54:44,395 - 5 is prime: robot moved forward.
2025-07-14 21:54:44,396 - 6 is not prime: robot did not move.
2025-07-14 21:54:44,396 - Robot MOVE_FORWARD - Position: (0, 4), Direction: NORTH
2025-07-14 21:54:44,711 - 7 is prime: robot moved forward.
2025-07-14 21:54:44,711 - 8 is not prime: robot did not move.
2025-07-14 21:54:44,712 - 9 is not prime: robot did not move.
2025-07-14 21:54:44,712 - 10 is not prime: robot did not move.
2025-07-14 21:54:44,712 - Robot MOVE_FORWARD - Position: (0, 5), Direction: NORTH
2025-07-14 21:54:45,019 - 11 is prime: robot moved forward.
2025-07-14 21:54:47,203 - Robot TURN_LEFT - Position: (0, 0), Direction: WEST
2025-07-14 21:54:47,533 - Hit wall at (-1, 0) \u2192 Took diversion
2025-07-14 21:54:47,540 - Robot TURN_RIGHT - Position: (0, 0), Direction: NORTH
2025-07-14 21:54:47,860 - Robot TURN_RIGHT - Position: (0, 0), Direction: EAST
2025-07-14 21:54:48,175 - Robot MOVE_FORWARD - Position: (1, 0), Direction: EAST
2025-07-14 21:54:48,478 - Robot TURN_LEFT - Position: (1, 0), Direction: NORTH
2025-07-14 21:54:48,791 - Robot MOVE_FORWARD - Position: (1, 1), Direction: NORTH
2025-07-14 21:54:49,098 - Robot TURN_RIGHT - Position: (1, 1), Direction: EAST
2025-07-14 21:54:49,401 - Hit wall at (2, 1) \u2192 Took diversion
2025-07-14 21:54:49,402 - Robot TURN_RIGHT - Position: (1, 1), Direction: SOUTH
2025-07-14 21:54:49,707 - Robot TURN_LEFT - Position: (1, 1), Direction: EAST
2025-07-14 21:54:50,010 - Hit wall at (2, 1) \u2192 Took diversion
2025-07-14 21:54:50,010 - Robot TURN_RIGHT - Position: (1, 1), Direction: SOUTH
2025-07-14 21:54:50,316 - Robot TURN_RIGHT - Position: (1, 1), Direction: WEST
2025-07-14 21:54:50,627 - Robot MOVE_FORWARD - Position: (0, 1), Direction: WEST
2025-07-14 21:54:50,930 - Robot TURN_LEFT - Position: (0, 1), Direction: SOUTH
2025-07-14 21:54:51,235 - Robot MOVE_FORWARD - Position: (0, 0), Direction: SOUTH
2025-07-14 21:54:51,540 - Robot TURN_RIGHT - Position: (0, 0), Direction: WEST
2025-07-14 21:54:51,847 - Hit wall at (-1, 0) \u2192 Took diversion
2025-07-14 21:54:51,848 - Robot TURN_RIGHT - Position: (0, 0), Direction: NORTH
2025-07-14 21:54:52,152 - Robot TURN_LEFT - Position: (0, 0), Direction: WEST
2025-07-14 21:54:52,469 - Hit wall at (-1, 0) \u2192 Took diversion
2025-07-14 21:54:52,506 - Robot TURN_RIGHT - Position: (0, 0), Direction: NORTH
2025-07-14 21:54:52,808 - Robot TURN_RIGHT - Position: (0, 0), Direction: EAST
2025-07-14 21:54:53,111 - Robot MOVE_FORWARD - Position: (1, 0), Direction: EAST
2025-07-14 21:54:53,413 - Robot TURN_LEFT - Position: (1, 0), Direction: NORTH
2025-07-14 21:54:53,724 - Robot MOVE_FORWARD - Position: (1, 1), Direction: NORTH
2025-07-14 21:54:54,027 - Robot TURN_RIGHT - Position: (1, 1), Direction: EAST
2025-07-14 21:54:54,332 - Hit wall at (2, 1) \u2192 Took diversion
2025-07-14 21:54:54,335 - Robot TURN_RIGHT - Position: (1, 1), Direction: SOUTH
2025-07-14 21:54:56,822 - Robot MOVE_FORWARD - Position: (0, 1), Direction: NORTH
2025-07-14 21:54:57,209 - Robot TURN_RIGHT - Position: (0, 1), Direction: EAST
2025-07-14 21:54:57,518 - Robot MOVE_FORWARD - Position: (1, 1), Direction: EAST
2025-07-14 21:54:57,831 - Robot MOVE_FORWARD - Position: (2, 1), Direction: EAST
2025-07-14 21:54:58,135 - Robot TURN_RIGHT - Position: (2, 1), Direction: SOUTH
2025-07-14 21:54:58,444 - Robot MOVE_FORWARD - Position: (2, 0), Direction: SOUTH
2025-07-14 21:54:58,748 - Hit wall at (2, -1) \u2192 Took diversion
2025-07-14 21:54:58,749 - Robot TURN_RIGHT - Position: (2, 0), Direction: WEST
2025-07-14 21:54:59,060 - Robot MOVE_FORWARD - Position: (1, 0), Direction: WEST
2025-07-14 21:54:59,363 - Robot TURN_RIGHT - Position: (1, 0), Direction: NORTH
2025-07-14 21:54:59,665 - Robot MOVE_FORWARD - Position: (1, 1), Direction: NORTH
2025-07-14 21:54:59,971 - Robot MOVE_FORWARD - Position: (1, 2), Direction: NORTH
2025-07-14 21:55:00,275 - Robot MOVE_FORWARD - Position: (1, 3), Direction: NORTH
2025-07-14 21:55:00,582 - Robot MOVE_FORWARD - Position: (1, 4), Direction: NORTH
2025-07-14 21:55:00,886 - Robot TURN_RIGHT - Position: (1, 4), Direction: EAST
2025-07-14 21:55:01,194 - Robot MOVE_FORWARD - Position: (2, 4), Direction: EAST
2025-07-14 21:55:01,504 - Robot MOVE_FORWARD - Position: (3, 4), Direction: EAST
2025-07-14 21:55:01,811 - Robot MOVE_FORWARD - Position: (4, 4), Direction: EAST
2025-07-14 21:55:02,121 - Robot MOVE_FORWARD - Position: (5, 4), Direction: EAST
2025-07-14 21:55:02,426 - Robot MOVE_FORWARD - Position: (6, 4), Direction: EAST
2025-07-14 21:55:02,738 - Robot TURN_RIGHT - Position: (6, 4), Direction: SOUTH
2025-07-14 21:55:03,040 - Robot MOVE_FORWARD - Position: (6, 3), Direction: SOUTH
2025-07-14 21:55:03,345 - Robot MOVE_FORWARD - Position: (6, 2), Direction: SOUTH
2025-07-14 21:55:03,646 - Robot MOVE_FORWARD - Position: (6, 1), Direction: SOUTH
2025-07-14 21:55:03,949 - Robot MOVE_FORWARD - Position: (6, 0), Direction: SOUTH
2025-07-14 21:55:04,256 - Hit wall at (6, -1) \u2192 Took diversion
2025-07-14 21:55:04,256 - Robot TURN_RIGHT - Position: (6, 0), Direction: WEST
2025-07-14 21:55:04,558 - Robot MOVE_FORWARD - Position: (5, 0), Direction: WEST
2025-07-14 21:55:04,861 - Robot TURN_RIGHT - Position: (5, 0), Direction: NORTH
2025-07-14 21:55:08,341 - Robot MOVE_FORWARD - Position: (0, 1), Direction: NORTH
2025-07-14 21:55:08,696 - Robot MOVE_FORWARD - Position: (0, 2), Direction: NORTH
2025-07-14 21:55:09,002 - Robot MOVE_FORWARD - Position: (0, 3), Direction: NORTH
2025-07-14 21:55:09,318 - Robot MOVE_FORWARD - Position: (0, 4), Direction: NORTH
2025-07-14 21:55:09,623 - Robot TURN_RIGHT - Position: (0, 4), Direction: EAST
2025-07-14 21:55:09,927 - Hit wall at (1, 4) \u2192 Took diversion
2025-07-14 21:55:09,928 - Robot TURN_RIGHT - Position: (0, 4), Direction: SOUTH
2025-07-14 21:55:10,230 - Robot MOVE_FORWARD - Position: (0, 3), Direction: SOUTH
2025-07-14 21:55:10,539 - Robot MOVE_FORWARD - Position: (0, 2), Direction: SOUTH
2025-07-14 21:55:10,841 - Robot MOVE_FORWARD - Position: (0, 1), Direction: SOUTH
2025-07-14 21:55:11,144 - Robot TURN_RIGHT - Position: (0, 1), Direction: WEST
2025-07-14 21:55:11,446 - Hit wall at (-1, 1) \u2192 Took diversion
2025-07-14 21:55:11,447 - Robot TURN_RIGHT - Position: (0, 1), Direction: NORTH
2025-07-14 21:55:11,750 - Robot MOVE_FORWARD - Position: (0, 2), Direction: NORTH
2025-07-14 21:55:12,055 - Robot MOVE_FORWARD - Position: (0, 3), Direction: NORTH
2025-07-14 21:55:12,361 - Robot MOVE_FORWARD - Position: (0, 4), Direction: NORTH
2025-07-14 21:55:12,664 - Robot TURN_RIGHT - Position: (0, 4), Direction: EAST
2025-07-14 21:55:12,970 - Hit wall at (1, 4) \u2192 Took diversion
2025-07-14 21:55:12,971 - Robot TURN_RIGHT - Position: (0, 4), Direction: SOUTH
2025-07-14 21:55:13,279 - Robot MOVE_FORWARD - Position: (0, 3), Direction: SOUTH
2025-07-14 21:55:13,590 - Robot MOVE_FORWARD - Position: (0, 2), Direction: SOUTH
2025-07-14 21:55:13,893 - Robot MOVE_FORWARD - Position: (0, 1), Direction: SOUTH
2025-07-14 21:55:14,200 - Robot TURN_RIGHT - Position: (0, 1), Direction: WEST
2025-07-14 21:55:17,681 - Robot MOVE_FORWARD - Position: (0, 1), Direction: NORTH
2025-07-14 21:55:18,050 - Robot TURN_RIGHT - Position: (0, 1), Direction: EAST
2025-07-14 21:55:18,364 - Robot MOVE_FORWARD - Position: (1, 1), Direction: EAST
2025-07-14 21:55:18,675 - Robot TURN_LEFT - Position: (1, 1), Direction: NORTH
2025-07-14 21:55:18,978 - Robot MOVE_FORWARD - Position: (1, 2), Direction: NORTH
2025-07-14 21:55:19,284 - Robot TURN_RIGHT - Position: (1, 2), Direction: EAST
2025-07-14 21:55:19,586 - Hit wall at (2, 2) \u2192 Took diversion
2025-07-14 21:55:19,587 - Robot TURN_RIGHT - Position: (1, 2), Direction: SOUTH
2025-07-14 21:55:19,891 - Robot TURN_LEFT - Position: (1, 2), Direction: EAST
2025-07-14 21:55:20,200 - Hit wall at (2, 2) \u2192 Took diversion
2025-07-14 21:55:20,201 - Robot TURN_RIGHT - Position: (1, 2), Direction: SOUTH
2025-07-14 21:55:20,511 - Robot TURN_RIGHT - Position: (1, 2), Direction: WEST
2025-07-14 21:55:20,820 - Robot MOVE_FORWARD - Position: (0, 2), Direction: WEST
2025-07-14 21:55:21,126 - Robot TURN_LEFT - Position: (0, 2), Direction: SOUTH
2025-07-14 21:55:21,429 - Robot MOVE_FORWARD - Position: (0, 1), Direction: SOUTH
2025-07-14 21:55:21,737 - Robot TURN_RIGHT - Position: (0, 1), Direction: WEST
2025-07-14 21:55:22,040 - Hit wall at (-1, 1) \u2192 Took diversion
2025-07-14 21:55:22,041 - Robot TURN_RIGHT - Position: (0, 1), Direction: NORTH
2025-07-14 21:55:22,347 - Robot TURN_LEFT - Position: (0, 1), Direction: WEST
2025-07-14 21:55:22,649 - Hit wall at (-1, 1) \u2192 Took diversion
2025-07-14 21:55:22,650 - Robot TURN_RIGHT - Position: (0, 1), Direction: NORTH
2025-07-14 21:55:22,959 - Robot MOVE_FORWARD - Position: (0, 2), Direction: NORTH
2025-07-14 21:55:23,272 - Robot MOVE_FORWARD - Position: (0, 3), Direction: NORTH
2025-07-14 21:55:23,580 - Robot MOVE_FORWARD - Position: (0, 4), Direction: NORTH
2025-07-14 21:55:23,882 - Robot MOVE_FORWARD - Position: (0, 5), Direction: NORTH
2025-07-15 13:30:52,797 - Robot MOVE_FORWARD - Position: (0, 1), Direction: NORTH
2025-07-15 13:30:53,193 - 2 is prime: robot moved forward.
2025-07-15 13:30:53,193 - Robot MOVE_FORWARD - Position: (0, 2), Direction: NORTH
2025-07-15 13:30:53,497 - 3 is prime: robot moved forward.
2025-07-15 13:30:53,498 - 4 is not prime: robot did not move.
2025-07-15 13:30:53,498 - Robot MOVE_FORWARD - Position: (0, 3), Direction: NORTH
2025-07-15 13:30:53,799 - 5 is prime: robot moved forward.
2025-07-15 13:30:53,800 - 6 is not prime: robot did not move.
2025-07-15 13:30:53,800 - Robot MOVE_FORWARD - Position: (0, 4), Direction: NORTH
2025-07-15 13:30:54,102 - 7 is prime: robot moved forward.
2025-07-15 13:30:54,104 - 8 is not prime: robot did not move.
2025-07-15 13:30:54,105 - 9 is not prime: robot did not move.
2025-07-15 13:30:54,105 - 10 is not prime: robot did not move.
2025-07-15 13:30:54,106 - Robot MOVE_FORWARD - Position: (0, 5), Direction: NORTH
2025-07-15 13:30:54,408 - 11 is prime: robot moved forward.
2025-07-15 13:30:56,646 - Robot TURN_LEFT - Position: (0, 0), Direction: WEST
2025-07-15 13:30:56,979 - Hit wall at (-1, 0) \u2192 Took diversion
2025-07-15 13:30:56,983 - Robot TURN_RIGHT - Position: (0, 0), Direction: NORTH
2025-07-15 13:30:57,291 - Robot TURN_RIGHT - Position: (0, 0), Direction: EAST
2025-07-15 13:30:57,592 - Robot MOVE_FORWARD - Position: (1, 0), Direction: EAST
2025-07-15 13:30:57,893 - Robot TURN_LEFT - Position: (1, 0), Direction: NORTH
2025-07-15 13:30:58,195 - Robot MOVE_FORWARD - Position: (1, 1), Direction: NORTH
2025-07-15 13:30:58,497 - Robot TURN_RIGHT - Position: (1, 1), Direction: EAST
2025-07-15 13:30:58,799 - Hit wall at (2, 1) \u2192 Took diversion
2025-07-15 13:30:58,799 - Robot TURN_RIGHT - Position: (1, 1), Direction: SOUTH
2025-07-15 13:30:59,100 - Robot TURN_LEFT - Position: (1, 1), Direction: EAST
2025-07-15 13:30:59,402 - Hit wall at (2, 1) \u2192 Took diversion
2025-07-15 13:30:59,403 - Robot TURN_RIGHT - Position: (1, 1), Direction: SOUTH
2025-07-15 13:30:59,706 - Robot TURN_RIGHT - Position: (1, 1), Direction: WEST
2025-07-15 13:31:00,007 - Robot MOVE_FORWARD - Position: (0, 1), Direction: WEST
2025-07-15 13:31:00,308 - Robot TURN_LEFT - Position: (0, 1), Direction: SOUTH
2025-07-15 13:31:00,610 - Robot MOVE_FORWARD - Position: (0, 0), Direction: SOUTH
2025-07-15 13:31:00,912 - Robot TURN_RIGHT - Position: (0, 0), Direction: WEST
2025-07-15 13:31:01,213 - Hit wall at (-1, 0) \u2192 Took diversion
2025-07-15 13:31:01,214 - Robot TURN_RIGHT - Position: (0, 0), Direction: NORTH
2025-07-15 13:31:01,516 - Robot TURN_LEFT - Position: (0, 0), Direction: WEST
2025-07-15 13:31:01,818 - Hit wall at (-1, 0) \u2192 Took diversion
2025-07-15 13:31:01,819 - Robot TURN_RIGHT - Position: (0, 0), Direction: NORTH
2025-07-15 13:31:02,121 - Robot TURN_RIGHT - Position: (0, 0), Direction: EAST
2025-07-15 13:31:02,423 - Robot MOVE_FORWARD - Position: (1, 0), Direction: EAST
2025-07-15 13:31:02,725 - Robot TURN_LEFT - Position: (1, 0), Direction: NORTH
2025-07-15 13:31:03,027 - Robot MOVE_FORWARD - Position: (1, 1), Direction: NORTH
2025-07-15 13:31:03,328 - Robot TURN_RIGHT - Position: (1, 1), Direction: EAST
2025-07-15 13:31:03,630 - Hit wall at (2, 1) \u2192 Took diversion
2025-07-15 13:31:03,632 - Robot TURN_RIGHT - Position: (1, 1), Direction: SOUTH
2025-07-15 13:31:06,141 - Robot MOVE_FORWARD - Position: (0, 1), Direction: NORTH
2025-07-15 13:31:06,478 - Robot TURN_RIGHT - Position: (0, 1), Direction: EAST
2025-07-15 13:31:06,780 - Robot MOVE_FORWARD - Position: (1, 1), Direction: EAST
2025-07-15 13:31:07,083 - Robot MOVE_FORWARD - Position: (2, 1), Direction: EAST
2025-07-15 13:31:07,385 - Robot TURN_RIGHT - Position: (2, 1), Direction: SOUTH
2025-07-15 13:31:07,687 - Robot MOVE_FORWARD - Position: (2, 0), Direction: SOUTH
2025-07-15 13:31:07,989 - Hit wall at (2, -1) \u2192 Took diversion
2025-07-15 13:31:07,990 - Robot TURN_RIGHT - Position: (2, 0), Direction: WEST
2025-07-15 13:31:08,290 - Robot MOVE_FORWARD - Position: (1, 0), Direction: WEST
2025-07-15 13:31:08,592 - Robot TURN_RIGHT - Position: (1, 0), Direction: NORTH
2025-07-15 13:31:08,892 - Robot MOVE_FORWARD - Position: (1, 1), Direction: NORTH
2025-07-15 13:31:09,194 - Robot MOVE_FORWARD - Position: (1, 2), Direction: NORTH
2025-07-15 13:31:09,496 - Robot MOVE_FORWARD - Position: (1, 3), Direction: NORTH
2025-07-15 13:31:10,958 - Robot MOVE_FORWARD - Position: (1, 4), Direction: NORTH
2025-07-15 13:31:11,261 - Robot TURN_RIGHT - Position: (1, 4), Direction: EAST
2025-07-15 13:31:11,568 - Robot MOVE_FORWARD - Position: (2, 4), Direction: EAST
2025-07-15 13:31:11,871 - Robot MOVE_FORWARD - Position: (3, 4), Direction: EAST
2025-07-15 13:31:12,173 - Robot MOVE_FORWARD - Position: (4, 4), Direction: EAST
2025-07-15 13:31:12,475 - Robot MOVE_FORWARD - Position: (5, 4), Direction: EAST
2025-07-15 13:31:12,777 - Robot MOVE_FORWARD - Position: (6, 4), Direction: EAST
2025-07-15 13:31:13,079 - Robot TURN_RIGHT - Position: (6, 4), Direction: SOUTH
2025-07-15 13:31:13,380 - Robot MOVE_FORWARD - Position: (6, 3), Direction: SOUTH
2025-07-15 13:31:13,686 - Robot MOVE_FORWARD - Position: (6, 2), Direction: SOUTH
2025-07-15 13:31:13,990 - Robot MOVE_FORWARD - Position: (6, 1), Direction: SOUTH
2025-07-15 13:31:14,293 - Robot MOVE_FORWARD - Position: (6, 0), Direction: SOUTH
2025-07-15 13:31:14,595 - Hit wall at (6, -1) \u2192 Took diversion
2025-07-15 13:31:14,596 - Robot TURN_RIGHT - Position: (6, 0), Direction: WEST
2025-07-15 13:31:14,898 - Robot MOVE_FORWARD - Position: (5, 0), Direction: WEST
2025-07-15 13:31:15,200 - Robot TURN_RIGHT - Position: (5, 0), Direction: NORTH
2025-07-15 13:31:18,854 - Robot MOVE_FORWARD - Position: (0, 1), Direction: NORTH
2025-07-15 13:31:19,184 - Robot MOVE_FORWARD - Position: (0, 2), Direction: NORTH
2025-07-15 13:31:19,486 - Robot MOVE_FORWARD - Position: (0, 3), Direction: NORTH
2025-07-15 13:31:19,789 - Robot MOVE_FORWARD - Position: (0, 4), Direction: NORTH
2025-07-15 13:31:20,091 - Robot TURN_RIGHT - Position: (0, 4), Direction: EAST
2025-07-15 13:31:20,393 - Hit wall at (1, 4) \u2192 Took diversion
2025-07-15 13:31:20,394 - Robot TURN_RIGHT - Position: (0, 4), Direction: SOUTH
2025-07-15 13:31:20,695 - Robot MOVE_FORWARD - Position: (0, 3), Direction: SOUTH
2025-07-15 13:31:20,998 - Robot MOVE_FORWARD - Position: (0, 2), Direction: SOUTH
2025-07-15 13:31:21,301 - Robot MOVE_FORWARD - Position: (0, 1), Direction: SOUTH
2025-07-15 13:31:21,603 - Robot TURN_RIGHT - Position: (0, 1), Direction: WEST
2025-07-15 13:31:21,907 - Hit wall at (-1, 1) \u2192 Took diversion
2025-07-15 13:31:21,907 - Robot TURN_RIGHT - Position: (0, 1), Direction: NORTH
2025-07-15 13:31:22,209 - Robot MOVE_FORWARD - Position: (0, 2), Direction: NORTH
2025-07-15 13:31:22,512 - Robot MOVE_FORWARD - Position: (0, 3), Direction: NORTH
2025-07-15 13:31:22,815 - Robot MOVE_FORWARD - Position: (0, 4), Direction: NORTH
2025-07-15 13:31:23,118 - Robot TURN_RIGHT - Position: (0, 4), Direction: EAST
2025-07-15 13:31:23,421 - Hit wall at (1, 4) \u2192 Took diversion
2025-07-15 13:31:23,422 - Robot TURN_RIGHT - Position: (0, 4), Direction: SOUTH
2025-07-15 13:31:23,723 - Robot MOVE_FORWARD - Position: (0, 3), Direction: SOUTH
2025-07-15 13:31:24,027 - Robot MOVE_FORWARD - Position: (0, 2), Direction: SOUTH
2025-07-15 13:31:24,330 - Robot MOVE_FORWARD - Position: (0, 1), Direction: SOUTH
2025-07-15 13:31:24,632 - Robot TURN_RIGHT - Position: (0, 1), Direction: WEST
2025-07-15 13:31:28,148 - Robot MOVE_FORWARD - Position: (0, 1), Direction: NORTH
2025-07-15 13:31:28,511 - Robot TURN_RIGHT - Position: (0, 1), Direction: EAST
2025-07-15 13:31:28,814 - Robot MOVE_FORWARD - Position: (1, 1), Direction: EAST
2025-07-15 13:31:29,116 - Robot TURN_LEFT - Position: (1, 1), Direction: NORTH
2025-07-15 13:31:29,418 - Robot MOVE_FORWARD - Position: (1, 2), Direction: NORTH
2025-07-15 13:31:29,719 - Robot TURN_RIGHT - Position: (1, 2), Direction: EAST
2025-07-15 13:31:30,021 - Hit wall at (2, 2) \u2192 Took diversion
2025-07-15 13:31:30,022 - Robot TURN_RIGHT - Position: (1, 2), Direction: SOUTH
2025-07-15 13:31:30,324 - Robot TURN_LEFT - Position: (1, 2), Direction: EAST
2025-07-15 13:31:30,630 - Hit wall at (2, 2) \u2192 Took diversion
2025-07-15 13:31:30,631 - Robot TURN_RIGHT - Position: (1, 2), Direction: SOUTH
2025-07-15 13:31:30,934 - Robot TURN_RIGHT - Position: (1, 2), Direction: WEST
2025-07-15 13:31:31,239 - Robot MOVE_FORWARD - Position: (0, 2), Direction: WEST
2025-07-15 13:31:31,545 - Robot TURN_LEFT - Position: (0, 2), Direction: SOUTH
2025-07-15 13:31:31,846 - Robot MOVE_FORWARD - Position: (0, 1), Direction: SOUTH
2025-07-15 13:31:32,148 - Robot TURN_RIGHT - Position: (0, 1), Direction: WEST
2025-07-15 13:31:32,450 - Hit wall at (-1, 1) \u2192 Took diversion
2025-07-15 13:31:32,450 - Robot TURN_RIGHT - Position: (0, 1), Direction: NORTH
2025-07-15 13:31:32,752 - Robot TURN_LEFT - Position: (0, 1), Direction: WEST
2025-07-15 13:31:33,054 - Hit wall at (-1, 1) \u2192 Took diversion
2025-07-15 13:31:33,055 - Robot TURN_RIGHT - Position: (0, 1), Direction: NORTH
2025-07-15 13:31:33,357 - Robot MOVE_FORWARD - Position: (0, 2), Direction: NORTH
2025-07-15 13:31:33,659 - Robot MOVE_FORWARD - Position: (0, 3), Direction: NORTH
2025-07-15 13:31:33,961 - Robot MOVE_FORWARD - Position: (0, 4), Direction: NORTH
2025-07-15 13:31:34,264 - Robot MOVE_FORWARD - Position: (0, 5), Direction: NORTH
2025-07-16 14:59:24,358 - Robot MOVE_FORWARD - Position: (0, 1), Direction: NORTH
2025-07-16 14:59:24,741 - 2 is prime: robot moved forward.
2025-07-16 14:59:24,741 - Robot MOVE_FORWARD - Position: (0, 2), Direction: NORTH
2025-07-16 14:59:25,043 - 3 is prime: robot moved forward.
2025-07-16 14:59:25,043 - 4 is not prime: robot did not move.
2025-07-16 14:59:25,044 - Robot MOVE_FORWARD - Position: (0, 3), Direction: NORTH
2025-07-16 14:59:25,346 - 5 is prime: robot moved forward.
2025-07-16 14:59:25,346 - 6 is not prime: robot did not move.
2025-07-16 14:59:25,348 - Robot MOVE_FORWARD - Position: (0, 4), Direction: NORTH
2025-07-16 14:59:25,649 - 7 is prime: robot moved forward.
2025-07-16 14:59:25,650 - 8 is not prime: robot did not move.
2025-07-16 14:59:25,650 - 9 is not prime: robot did not move.
2025-07-16 14:59:25,650 - 10 is not prime: robot did not move.
2025-07-16 14:59:25,650 - Robot MOVE_FORWARD - Position: (0, 5), Direction: NORTH
2025-07-16 14:59:25,952 - 11 is prime: robot moved forward.
2025-07-16 14:59:28,125 - Robot TURN_LEFT - Position: (0, 0), Direction: WEST
2025-07-16 14:59:28,450 - Hit wall at (-1, 0) \u2192 Took diversion
2025-07-16 14:59:28,451 - Robot TURN_RIGHT - Position: (0, 0), Direction: NORTH
2025-07-16 14:59:28,752 - Robot TURN_RIGHT - Position: (0, 0), Direction: EAST
2025-07-16 14:59:29,054 - Robot MOVE_FORWARD - Position: (1, 0), Direction: EAST
2025-07-16 14:59:29,355 - Robot TURN_LEFT - Position: (1, 0), Direction: NORTH
2025-07-16 14:59:29,657 - Robot MOVE_FORWARD - Position: (1, 1), Direction: NORTH
2025-07-16 14:59:29,958 - Robot TURN_RIGHT - Position: (1, 1), Direction: EAST
2025-07-16 14:59:30,260 - Hit wall at (2, 1) \u2192 Took diversion
2025-07-16 14:59:30,260 - Robot TURN_RIGHT - Position: (1, 1), Direction: SOUTH
2025-07-16 14:59:30,562 - Robot TURN_LEFT - Position: (1, 1), Direction: EAST
2025-07-16 14:59:30,865 - Hit wall at (2, 1) \u2192 Took diversion
2025-07-16 14:59:30,865 - Robot TURN_RIGHT - Position: (1, 1), Direction: SOUTH
2025-07-16 14:59:31,167 - Robot TURN_RIGHT - Position: (1, 1), Direction: WEST
2025-07-16 14:59:31,469 - Robot MOVE_FORWARD - Position: (0, 1), Direction: WEST
2025-07-16 14:59:31,770 - Robot TURN_LEFT - Position: (0, 1), Direction: SOUTH
2025-07-16 14:59:32,072 - Robot MOVE_FORWARD - Position: (0, 0), Direction: SOUTH
2025-07-16 14:59:32,374 - Robot TURN_RIGHT - Position: (0, 0), Direction: WEST
2025-07-16 14:59:32,695 - Hit wall at (-1, 0) \u2192 Took diversion
2025-07-16 14:59:32,728 - Robot TURN_RIGHT - Position: (0, 0), Direction: NORTH
2025-07-16 14:59:33,029 - Robot TURN_LEFT - Position: (0, 0), Direction: WEST
2025-07-16 14:59:33,331 - Hit wall at (-1, 0) \u2192 Took diversion
2025-07-16 14:59:33,331 - Robot TURN_RIGHT - Position: (0, 0), Direction: NORTH
2025-07-16 14:59:33,633 - Robot TURN_RIGHT - Position: (0, 0), Direction: EAST
2025-07-16 14:59:33,934 - Robot MOVE_FORWARD - Position: (1, 0), Direction: EAST
2025-07-16 14:59:34,235 - Robot TURN_LEFT - Position: (1, 0), Direction: NORTH
2025-07-16 14:59:34,536 - Robot MOVE_FORWARD - Position: (1, 1), Direction: NORTH
2025-07-16 14:59:34,837 - Robot TURN_RIGHT - Position: (1, 1), Direction: EAST
2025-07-16 14:59:35,141 - Hit wall at (2, 1) \u2192 Took diversion
2025-07-16 14:59:35,142 - Robot TURN_RIGHT - Position: (1, 1), Direction: SOUTH
2025-07-16 14:59:37,702 - Robot MOVE_FORWARD - Position: (0, 1), Direction: NORTH
2025-07-16 14:59:38,039 - Robot TURN_RIGHT - Position: (0, 1), Direction: EAST
2025-07-16 14:59:38,342 - Robot MOVE_FORWARD - Position: (1, 1), Direction: EAST
2025-07-16 14:59:38,647 - Robot MOVE_FORWARD - Position: (2, 1), Direction: EAST
2025-07-16 14:59:38,950 - Robot TURN_RIGHT - Position: (2, 1), Direction: SOUTH
2025-07-16 14:59:39,252 - Robot MOVE_FORWARD - Position: (2, 0), Direction: SOUTH
2025-07-16 14:59:39,556 - Hit wall at (2, -1) \u2192 Took diversion
2025-07-16 14:59:39,557 - Robot TURN_RIGHT - Position: (2, 0), Direction: WEST
2025-07-16 14:59:39,860 - Robot MOVE_FORWARD - Position: (1, 0), Direction: WEST
2025-07-16 14:59:40,170 - Robot TURN_RIGHT - Position: (1, 0), Direction: NORTH
2025-07-16 14:59:40,475 - Robot MOVE_FORWARD - Position: (1, 1), Direction: NORTH
2025-07-16 14:59:40,781 - Robot MOVE_FORWARD - Position: (1, 2), Direction: NORTH
2025-07-16 14:59:41,089 - Robot MOVE_FORWARD - Position: (1, 3), Direction: NORTH
2025-07-16 14:59:41,393 - Robot MOVE_FORWARD - Position: (1, 4), Direction: NORTH
2025-07-16 14:59:41,695 - Robot TURN_RIGHT - Position: (1, 4), Direction: EAST
2025-07-16 14:59:42,000 - Robot MOVE_FORWARD - Position: (2, 4), Direction: EAST
2025-07-16 14:59:42,303 - Robot MOVE_FORWARD - Position: (3, 4), Direction: EAST
2025-07-16 14:59:42,606 - Robot MOVE_FORWARD - Position: (4, 4), Direction: EAST
2025-07-16 14:59:42,910 - Robot MOVE_FORWARD - Position: (5, 4), Direction: EAST
2025-07-16 14:59:43,214 - Robot MOVE_FORWARD - Position: (6, 4), Direction: EAST
2025-07-16 14:59:43,517 - Robot TURN_RIGHT - Position: (6, 4), Direction: SOUTH
2025-07-16 14:59:43,820 - Robot MOVE_FORWARD - Position: (6, 3), Direction: SOUTH
2025-07-16 14:59:44,123 - Robot MOVE_FORWARD - Position: (6, 2), Direction: SOUTH
2025-07-16 14:59:44,426 - Robot MOVE_FORWARD - Position: (6, 1), Direction: SOUTH
2025-07-16 14:59:44,730 - Robot MOVE_FORWARD - Position: (6, 0), Direction: SOUTH
2025-07-16 14:59:45,034 - Hit wall at (6, -1) \u2192 Took diversion
2025-07-16 14:59:45,035 - Robot TURN_RIGHT - Position: (6, 0), Direction: WEST
2025-07-16 14:59:45,337 - Robot MOVE_FORWARD - Position: (5, 0), Direction: WEST
2025-07-16 14:59:45,640 - Robot TURN_RIGHT - Position: (5, 0), Direction: NORTH
2025-07-16 14:59:49,238 - Robot MOVE_FORWARD - Position: (0, 1), Direction: NORTH
2025-07-16 14:59:49,566 - Robot MOVE_FORWARD - Position: (0, 2), Direction: NORTH
2025-07-16 14:59:49,870 - Robot MOVE_FORWARD - Position: (0, 3), Direction: NORTH
2025-07-16 14:59:50,173 - Robot MOVE_FORWARD - Position: (0, 4), Direction: NORTH
2025-07-16 14:59:50,476 - Robot TURN_RIGHT - Position: (0, 4), Direction: EAST
2025-07-16 14:59:50,779 - Hit wall at (1, 4) \u2192 Took diversion
2025-07-16 14:59:50,780 - Robot TURN_RIGHT - Position: (0, 4), Direction: SOUTH
2025-07-16 14:59:51,083 - Robot MOVE_FORWARD - Position: (0, 3), Direction: SOUTH
2025-07-16 14:59:51,387 - Robot MOVE_FORWARD - Position: (0, 2), Direction: SOUTH
2025-07-16 14:59:51,690 - Robot MOVE_FORWARD - Position: (0, 1), Direction: SOUTH
2025-07-16 14:59:51,993 - Robot TURN_RIGHT - Position: (0, 1), Direction: WEST
2025-07-16 14:59:52,296 - Hit wall at (-1, 1) \u2192 Took diversion
2025-07-16 14:59:52,297 - Robot TURN_RIGHT - Position: (0, 1), Direction: NORTH
2025-07-16 14:59:52,600 - Robot MOVE_FORWARD - Position: (0, 2), Direction: NORTH
2025-07-16 14:59:52,903 - Robot MOVE_FORWARD - Position: (0, 3), Direction: NORTH
2025-07-16 14:59:53,205 - Robot MOVE_FORWARD - Position: (0, 4), Direction: NORTH
2025-07-16 14:59:53,508 - Robot TURN_RIGHT - Position: (0, 4), Direction: EAST
2025-07-16 14:59:53,811 - Hit wall at (1, 4) \u2192 Took diversion
2025-07-16 14:59:53,812 - Robot TURN_RIGHT - Position: (0, 4), Direction: SOUTH
2025-07-16 14:59:54,116 - Robot MOVE_FORWARD - Position: (0, 3), Direction: SOUTH
2025-07-16 14:59:54,420 - Robot MOVE_FORWARD - Position: (0, 2), Direction: SOUTH
2025-07-16 14:59:54,724 - Robot MOVE_FORWARD - Position: (0, 1), Direction: SOUTH
2025-07-16 14:59:55,054 - Robot TURN_RIGHT - Position: (0, 1), Direction: WEST
2025-07-16 14:59:58,642 - Robot MOVE_FORWARD - Position: (0, 1), Direction: NORTH
2025-07-16 14:59:58,977 - Robot TURN_RIGHT - Position: (0, 1), Direction: EAST
2025-07-16 14:59:59,283 - Robot MOVE_FORWARD - Position: (1, 1), Direction: EAST
2025-07-16 14:59:59,586 - Robot TURN_LEFT - Position: (1, 1), Direction: NORTH
2025-07-16 14:59:59,889 - Robot MOVE_FORWARD - Position: (1, 2), Direction: NORTH
2025-07-16 15:00:00,192 - Robot TURN_RIGHT - Position: (1, 2), Direction: EAST
2025-07-16 15:00:00,496 - Hit wall at (2, 2) \u2192 Took diversion
2025-07-16 15:00:00,498 - Robot TURN_RIGHT - Position: (1, 2), Direction: SOUTH
2025-07-16 15:00:00,801 - Robot TURN_LEFT - Position: (1, 2), Direction: EAST
2025-07-16 15:00:01,105 - Hit wall at (2, 2) \u2192 Took diversion
2025-07-16 15:00:01,107 - Robot TURN_RIGHT - Position: (1, 2), Direction: SOUTH
2025-07-16 15:00:01,410 - Robot TURN_RIGHT - Position: (1, 2), Direction: WEST
2025-07-16 15:00:01,713 - Robot MOVE_FORWARD - Position: (0, 2), Direction: WEST
2025-07-16 15:00:02,016 - Robot TURN_LEFT - Position: (0, 2), Direction: SOUTH
2025-07-16 15:00:02,320 - Robot MOVE_FORWARD - Position: (0, 1), Direction: SOUTH
2025-07-16 15:00:02,623 - Robot TURN_RIGHT - Position: (0, 1), Direction: WEST
2025-07-16 15:00:02,926 - Hit wall at (-1, 1) \u2192 Took diversion
2025-07-16 15:00:02,927 - Robot TURN_RIGHT - Position: (0, 1), Direction: NORTH
2025-07-16 15:00:03,231 - Robot TURN_LEFT - Position: (0, 1), Direction: WEST
2025-07-16 15:00:03,533 - Hit wall at (-1, 1) \u2192 Took diversion
2025-07-16 15:00:03,535 - Robot TURN_RIGHT - Position: (0, 1), Direction: NORTH
2025-07-16 15:00:03,889 - Robot MOVE_FORWARD - Position: (0, 2), Direction: NORTH
2025-07-16 15:00:04,193 - Robot MOVE_FORWARD - Position: (0, 3), Direction: NORTH
2025-07-16 15:00:04,498 - Robot MOVE_FORWARD - Position: (0, 4), Direction: NORTH
2025-07-16 15:00:04,803 - Robot MOVE_FORWARD - Position: (0, 5), Direction: NORTH
